<?xml version="1.0" encoding="UTF-8"?>
<testsuite name="com.gazbert.bxbot.exchanges.TestKrakenExchangeAdapter" tests="42" skipped="0" failures="0" errors="0" timestamp="2018-01-08T20:56:26" hostname="ricebook" time="1.794">
  <properties/>
  <testcase name="testSendingPublicRequestToExchangeSuccessfully" classname="com.gazbert.bxbot.exchanges.TestKrakenExchangeAdapter" time="1.474"/>
  <testcase name="testGettingBalanceInfoHandlesExchangeNetworkException" classname="com.gazbert.bxbot.exchanges.TestKrakenExchangeAdapter" time="0.005"/>
  <testcase name="testGettingLatestMarketPriceHandlesUnexpectedException" classname="com.gazbert.bxbot.exchanges.TestKrakenExchangeAdapter" time="0.012"/>
  <testcase name="testGettingMarketOrdersHandlesUnexpectedException" classname="com.gazbert.bxbot.exchanges.TestKrakenExchangeAdapter" time="0.008"/>
  <testcase name="testGettingYourOpenOrdersHandlesUnexpectedException" classname="com.gazbert.bxbot.exchanges.TestKrakenExchangeAdapter" time="0.008"/>
  <testcase name="testGettingYourOpenOrdersHandlesExchangeNetworkException" classname="com.gazbert.bxbot.exchanges.TestKrakenExchangeAdapter" time="0.006"/>
  <testcase name="testGettingMarketOrdersHandlesExchangeNetworkException" classname="com.gazbert.bxbot.exchanges.TestKrakenExchangeAdapter" time="0.004"/>
  <testcase name="testExchangeAdapterThrowsExceptionIfPublicKeyConfigIsMissing" classname="com.gazbert.bxbot.exchanges.TestKrakenExchangeAdapter" time="0.001"/>
  <testcase name="testGettingLatestMarketPriceHandlesExchangeNetworkException" classname="com.gazbert.bxbot.exchanges.TestKrakenExchangeAdapter" time="0.005"/>
  <testcase name="testCreateOrderHandlesUnexpectedException" classname="com.gazbert.bxbot.exchanges.TestKrakenExchangeAdapter" time="0.006"/>
  <testcase name="testCancelOrderHandlesExchangeNetworkException" classname="com.gazbert.bxbot.exchanges.TestKrakenExchangeAdapter" time="0.012"/>
  <testcase name="testGettingTickerHandlesExchangeNetworkException" classname="com.gazbert.bxbot.exchanges.TestKrakenExchangeAdapter" time="0.005"/>
  <testcase name="testCreateOrderHandlesExchangeNetworkException" classname="com.gazbert.bxbot.exchanges.TestKrakenExchangeAdapter" time="0.006"/>
  <testcase name="testCancelOrderHandlesUnexpectedException" classname="com.gazbert.bxbot.exchanges.TestKrakenExchangeAdapter" time="0.005"/>
  <testcase name="testGettingTickerHandlesUnexpectedException" classname="com.gazbert.bxbot.exchanges.TestKrakenExchangeAdapter" time="0.004"/>
  <testcase name="testExchangeAdapterInitialisesSuccessfully" classname="com.gazbert.bxbot.exchanges.TestKrakenExchangeAdapter" time="0.004"/>
  <testcase name="testGettingBalanceInfoHandlesUnexpectedException" classname="com.gazbert.bxbot.exchanges.TestKrakenExchangeAdapter" time="0.007"/>
  <testcase name="testGettingImplNameIsAsExpected" classname="com.gazbert.bxbot.exchanges.TestKrakenExchangeAdapter" time="0.003"/>
  <testcase name="testCreateOrderToBuyIsSuccessful" classname="com.gazbert.bxbot.exchanges.TestKrakenExchangeAdapter" time="0.012"/>
  <testcase name="testCancelOrderIsSuccessful" classname="com.gazbert.bxbot.exchanges.TestKrakenExchangeAdapter" time="0.009"/>
  <testcase name="testGettingTickerSuccessfully" classname="com.gazbert.bxbot.exchanges.TestKrakenExchangeAdapter" time="0.009"/>
  <testcase name="testSendingAuthenticatedRequestToExchangeHandlesExchangeNetworkException" classname="com.gazbert.bxbot.exchanges.TestKrakenExchangeAdapter" time="0.006"/>
  <testcase name="testSendingPublicRequestToExchangeHandlesExchangeNetworkException" classname="com.gazbert.bxbot.exchanges.TestKrakenExchangeAdapter" time="0.006"/>
  <testcase name="testSendingAuthenticatedRequestToExchangeHandlesTradingApiException" classname="com.gazbert.bxbot.exchanges.TestKrakenExchangeAdapter" time="0.007"/>
  <testcase name="testGettingMarketOrdersSuccessfully" classname="com.gazbert.bxbot.exchanges.TestKrakenExchangeAdapter" time="0.035"/>
  <testcase name="testGettingYourOpenOrdersSuccessfully" classname="com.gazbert.bxbot.exchanges.TestKrakenExchangeAdapter" time="0.013"/>
  <testcase name="testCreateOrderToSellIsSuccessful" classname="com.gazbert.bxbot.exchanges.TestKrakenExchangeAdapter" time="0.008"/>
  <testcase name="testGettingLatestMarketPriceSuccessfully" classname="com.gazbert.bxbot.exchanges.TestKrakenExchangeAdapter" time="0.007"/>
  <testcase name="testGettingBalanceInfoSuccessfully" classname="com.gazbert.bxbot.exchanges.TestKrakenExchangeAdapter" time="0.009"/>
  <testcase name="testSendingAuthenticatedRequestToExchangeSuccessfully" classname="com.gazbert.bxbot.exchanges.TestKrakenExchangeAdapter" time="0.01"/>
  <testcase name="testSendingPublicRequestToExchangeHandlesTradingApiException" classname="com.gazbert.bxbot.exchanges.TestKrakenExchangeAdapter" time="0.005"/>
  <testcase name="testExchangeAdapterThrowsExceptionIfTimeoutConfigIsMissing" classname="com.gazbert.bxbot.exchanges.TestKrakenExchangeAdapter" time="0.001"/>
  <testcase name="testExchangeAdapterThrowsExceptionIfSecretConfigIsMissing" classname="com.gazbert.bxbot.exchanges.TestKrakenExchangeAdapter" time="0.002"/>
  <testcase name="testGettingExchangeSellingFeeIsAsExpected" classname="com.gazbert.bxbot.exchanges.TestKrakenExchangeAdapter" time="0.008"/>
  <testcase name="testCreateOrderExchangeErrorResponse" classname="com.gazbert.bxbot.exchanges.TestKrakenExchangeAdapter" time="0.009"/>
  <testcase name="testCancelOrderExchangeErrorResponse" classname="com.gazbert.bxbot.exchanges.TestKrakenExchangeAdapter" time="0.006"/>
  <testcase name="testGettingExchangeBuyingFeeIsAsExpected" classname="com.gazbert.bxbot.exchanges.TestKrakenExchangeAdapter" time="0.004"/>
  <testcase name="testGettingYourOpenOrdersExchangeErrorResponse" classname="com.gazbert.bxbot.exchanges.TestKrakenExchangeAdapter" time="0.01"/>
  <testcase name="testGettingTickerHandlesExchangeErrorResponse" classname="com.gazbert.bxbot.exchanges.TestKrakenExchangeAdapter" time="0.008"/>
  <testcase name="testGettingMarketOrdersHandlesErrorResponse" classname="com.gazbert.bxbot.exchanges.TestKrakenExchangeAdapter" time="0.006"/>
  <testcase name="testGettingLatestMarketPriceHandlesExchangeErrorResponse" classname="com.gazbert.bxbot.exchanges.TestKrakenExchangeAdapter" time="0.008"/>
  <testcase name="testGettingBalanceInfoHandlesExchangeErrorResponse" classname="com.gazbert.bxbot.exchanges.TestKrakenExchangeAdapter" time="0.009"/>
  <system-out><![CDATA[19410 [Test worker] 2018-01-08 14:56:27,678 INFO  KrakenExchangeAdapter init() - About to initialise Kraken ExchangeConfig: EasyMock for interface com.gazbert.bxbot.exchange.api.ExchangeConfig
19420 [Test worker] 2018-01-08 14:56:27,688 INFO  AbstractExchangeAdapter setNetworkConfig() - connection-timeout: 30
19421 [Test worker] 2018-01-08 14:56:27,689 INFO  AbstractExchangeAdapter setNetworkConfig() - non-fatal-error-codes: [502, 503, 504]
19422 [Test worker] 2018-01-08 14:56:27,690 INFO  AbstractExchangeAdapter setNetworkConfig() - non-fatal-error-messages: [Connection refused, Connection reset, Remote host closed connection during handshake]
19422 [Test worker] 2018-01-08 14:56:27,690 INFO  AbstractExchangeAdapter getOptionalConfigItem() - buy-fee: 0.1
19424 [Test worker] 2018-01-08 14:56:27,692 INFO  KrakenExchangeAdapter setOptionalConfig() - Buy fee % in BigDecimal format: 0.00100000
19424 [Test worker] 2018-01-08 14:56:27,692 INFO  AbstractExchangeAdapter getOptionalConfigItem() - sell-fee: 0.2
19425 [Test worker] 2018-01-08 14:56:27,693 INFO  KrakenExchangeAdapter setOptionalConfig() - Sell fee % in BigDecimal format: 0.00200000
19425 [Test worker] 2018-01-08 14:56:27,693 INFO  AbstractExchangeAdapter getOptionalConfigItem() - keep-alive-during-maintenance: false
19425 [Test worker] 2018-01-08 14:56:27,693 INFO  KrakenExchangeAdapter setOptionalConfig() - Keep Alive During Maintenance: false
19609 [Test worker] 2018-01-08 14:56:27,877 DEBUG KrakenExchangeAdapter getLatestMarketPrice() - Latest Market Price response: ExchangeHttpResponse{statusCode=200, reasonPhrase=OK, payload={
  "error": [],
  "result": {
    "XXBTZUSD": {
      "a": [
        "657.99900",
        "3",
        "3.000"
      ],
      "b": [
        "655.20100",
        "2",
        "2.000"
      ],
      "c": [
        "657.99900",
        "0.50000000"
      ],
      "v": [
        "1009.55847143",
        "1152.99666422"
      ],
      "p": [
        "652.40642",
        "652.64807"
      ],
      "t": [
        1537,
        1754
      ],
      "l": [
        "642.50000",
        "642.50000"
      ],
      "h": [
        "659.10000",
        "659.13000"
      ],
      "o": "651.73600"
    }
  }
}}
19667 [Test worker] 2018-01-08 14:56:27,935 WARN  KrakenExchangeAdapter deserialize() - Received unexpected Ticker param - ignoring: t
19670 [Test worker] 2018-01-08 14:56:27,938 INFO  KrakenExchangeAdapter init() - About to initialise Kraken ExchangeConfig: EasyMock for interface com.gazbert.bxbot.exchange.api.ExchangeConfig
19670 [Test worker] 2018-01-08 14:56:27,938 INFO  AbstractExchangeAdapter setNetworkConfig() - connection-timeout: 30
19671 [Test worker] 2018-01-08 14:56:27,939 INFO  AbstractExchangeAdapter setNetworkConfig() - non-fatal-error-codes: [502, 503, 504]
19671 [Test worker] 2018-01-08 14:56:27,939 INFO  AbstractExchangeAdapter setNetworkConfig() - non-fatal-error-messages: [Connection refused, Connection reset, Remote host closed connection during handshake]
19671 [Test worker] 2018-01-08 14:56:27,939 INFO  AbstractExchangeAdapter getOptionalConfigItem() - buy-fee: 0.1
19672 [Test worker] 2018-01-08 14:56:27,940 INFO  KrakenExchangeAdapter setOptionalConfig() - Buy fee % in BigDecimal format: 0.00100000
19672 [Test worker] 2018-01-08 14:56:27,940 INFO  AbstractExchangeAdapter getOptionalConfigItem() - sell-fee: 0.2
19672 [Test worker] 2018-01-08 14:56:27,940 INFO  KrakenExchangeAdapter setOptionalConfig() - Sell fee % in BigDecimal format: 0.00200000
19672 [Test worker] 2018-01-08 14:56:27,940 INFO  AbstractExchangeAdapter getOptionalConfigItem() - keep-alive-during-maintenance: false
19673 [Test worker] 2018-01-08 14:56:27,941 INFO  KrakenExchangeAdapter setOptionalConfig() - Keep Alive During Maintenance: false
19676 [Test worker] 2018-01-08 14:56:27,944 INFO  KrakenExchangeAdapter init() - About to initialise Kraken ExchangeConfig: EasyMock for interface com.gazbert.bxbot.exchange.api.ExchangeConfig
19677 [Test worker] 2018-01-08 14:56:27,945 INFO  AbstractExchangeAdapter setNetworkConfig() - connection-timeout: 30
19677 [Test worker] 2018-01-08 14:56:27,945 INFO  AbstractExchangeAdapter setNetworkConfig() - non-fatal-error-codes: [502, 503, 504]
19677 [Test worker] 2018-01-08 14:56:27,945 INFO  AbstractExchangeAdapter setNetworkConfig() - non-fatal-error-messages: [Connection refused, Connection reset, Remote host closed connection during handshake]
19678 [Test worker] 2018-01-08 14:56:27,946 INFO  AbstractExchangeAdapter getOptionalConfigItem() - buy-fee: 0.1
19678 [Test worker] 2018-01-08 14:56:27,946 INFO  KrakenExchangeAdapter setOptionalConfig() - Buy fee % in BigDecimal format: 0.00100000
19678 [Test worker] 2018-01-08 14:56:27,946 INFO  AbstractExchangeAdapter getOptionalConfigItem() - sell-fee: 0.2
19679 [Test worker] 2018-01-08 14:56:27,947 INFO  KrakenExchangeAdapter setOptionalConfig() - Sell fee % in BigDecimal format: 0.00200000
19679 [Test worker] 2018-01-08 14:56:27,947 INFO  AbstractExchangeAdapter getOptionalConfigItem() - keep-alive-during-maintenance: false
19679 [Test worker] 2018-01-08 14:56:27,947 INFO  KrakenExchangeAdapter setOptionalConfig() - Keep Alive During Maintenance: false
19680 [Test worker] 2018-01-08 14:56:27,948 ERROR KrakenExchangeAdapter getLatestMarketPrice() - Unexpected error has occurred in Kraken Exchange Adapter. 
java.lang.IllegalArgumentException: Yes, you have information. You can find out all about a man, track him down, keep an eye on him. But you have to look him in the eye. All the tech you have can't help you with that. A license to kill also means a license NOT to kill.
	at org.easymock.internal.MockInvocationHandler.invoke(MockInvocationHandler.java:46) ~[easymock-3.5.1.jar:3.5.1]
	at org.powermock.api.easymock.internal.invocationcontrol.EasyMockMethodInvocationControl.invoke(EasyMockMethodInvocationControl.java:90) ~[powermock-api-easymock-1.7.3.jar:1.7.3]
	at org.powermock.core.MockGateway.doMethodCall(MockGateway.java:182) ~[powermock-core-1.7.3.jar:1.7.3]
	at org.powermock.core.MockGateway.doMethodCall(MockGateway.java:164) ~[powermock-core-1.7.3.jar:1.7.3]
	at org.powermock.core.MockGateway.methodCall(MockGateway.java:134) ~[powermock-core-1.7.3.jar:1.7.3]
	at com.gazbert.bxbot.exchanges.KrakenExchangeAdapter.sendPublicRequestToExchange(KrakenExchangeAdapter.java) ~[main/:?]
	at com.gazbert.bxbot.exchanges.KrakenExchangeAdapter.getLatestMarketPrice(KrakenExchangeAdapter.java:603) [main/:?]
	at com.gazbert.bxbot.exchanges.KrakenExchangeAdapter$$EnhancerByCGLIB$$957dc64b.CGLIB$getLatestMarketPrice$9(<generated>) [main/:?]
	at com.gazbert.bxbot.exchanges.KrakenExchangeAdapter$$EnhancerByCGLIB$$957dc64b$$FastClassByCGLIB$$8994032f.invoke(<generated>) [main/:?]
	at org.easymock.cglib.proxy.MethodProxy.invokeSuper(MethodProxy.java:228) [easymock-3.5.1.jar:3.5.1]
	at org.easymock.internal.ClassProxyFactory$MockMethodInterceptor.intercept(ClassProxyFactory.java:92) [easymock-3.5.1.jar:3.5.1]
	at com.gazbert.bxbot.exchanges.KrakenExchangeAdapter$$EnhancerByCGLIB$$957dc64b.getLatestMarketPrice(<generated>) [main/:?]
	at com.gazbert.bxbot.exchanges.TestKrakenExchangeAdapter.testGettingLatestMarketPriceHandlesUnexpectedException(TestKrakenExchangeAdapter.java:767) [test/:?]
	at sun.reflect.NativeMethodAccessorImpl.invoke0(Native Method) ~[?:1.8.0_144]
	at sun.reflect.NativeMethodAccessorImpl.invoke(NativeMethodAccessorImpl.java:62) ~[?:1.8.0_144]
	at sun.reflect.DelegatingMethodAccessorImpl.invoke(DelegatingMethodAccessorImpl.java:43) ~[?:1.8.0_144]
	at java.lang.reflect.Method.invoke(Method.java:498) ~[?:1.8.0_144]
	at org.junit.internal.runners.TestMethod.invoke(TestMethod.java:68) [junit-4.12.jar:4.12]
	at org.powermock.modules.junit4.internal.impl.PowerMockJUnit44RunnerDelegateImpl$PowerMockJUnit44MethodRunner.runTestMethod(PowerMockJUnit44RunnerDelegateImpl.java:326) [powermock-module-junit4-1.7.3.jar:1.7.3]
	at org.junit.internal.runners.MethodRoadie$2.run(MethodRoadie.java:89) [junit-4.12.jar:4.12]
	at org.junit.internal.runners.MethodRoadie.runBeforesThenTestThenAfters(MethodRoadie.java:97) [junit-4.12.jar:4.12]
	at org.powermock.modules.junit4.internal.impl.PowerMockJUnit44RunnerDelegateImpl$PowerMockJUnit44MethodRunner.executeTest(PowerMockJUnit44RunnerDelegateImpl.java:310) [powermock-module-junit4-1.7.3.jar:1.7.3]
	at org.powermock.modules.junit4.internal.impl.PowerMockJUnit47RunnerDelegateImpl$PowerMockJUnit47MethodRunner.executeTestInSuper(PowerMockJUnit47RunnerDelegateImpl.java:131) [powermock-module-junit4-1.7.3.jar:1.7.3]
	at org.powermock.modules.junit4.internal.impl.PowerMockJUnit47RunnerDelegateImpl$PowerMockJUnit47MethodRunner.access$100(PowerMockJUnit47RunnerDelegateImpl.java:59) [powermock-module-junit4-1.7.3.jar:1.7.3]
	at org.powermock.modules.junit4.internal.impl.PowerMockJUnit47RunnerDelegateImpl$PowerMockJUnit47MethodRunner$TestExecutorStatement.evaluate(PowerMockJUnit47RunnerDelegateImpl.java:147) [powermock-module-junit4-1.7.3.jar:1.7.3]
	at org.powermock.modules.junit4.internal.impl.PowerMockJUnit47RunnerDelegateImpl$PowerMockJUnit47MethodRunner.evaluateStatement(PowerMockJUnit47RunnerDelegateImpl.java:107) [powermock-module-junit4-1.7.3.jar:1.7.3]
	at org.powermock.modules.junit4.internal.impl.PowerMockJUnit47RunnerDelegateImpl$PowerMockJUnit47MethodRunner.executeTest(PowerMockJUnit47RunnerDelegateImpl.java:82) [powermock-module-junit4-1.7.3.jar:1.7.3]
	at org.powermock.modules.junit4.internal.impl.PowerMockJUnit44RunnerDelegateImpl$PowerMockJUnit44MethodRunner.runBeforesThenTestThenAfters(PowerMockJUnit44RunnerDelegateImpl.java:298) [powermock-module-junit4-1.7.3.jar:1.7.3]
	at org.junit.internal.runners.MethodRoadie.runTest(MethodRoadie.java:87) [junit-4.12.jar:4.12]
	at org.junit.internal.runners.MethodRoadie.run(MethodRoadie.java:50) [junit-4.12.jar:4.12]
	at org.powermock.modules.junit4.internal.impl.PowerMockJUnit44RunnerDelegateImpl.invokeTestMethod(PowerMockJUnit44RunnerDelegateImpl.java:218) [powermock-module-junit4-1.7.3.jar:1.7.3]
	at org.powermock.modules.junit4.internal.impl.PowerMockJUnit44RunnerDelegateImpl.runMethods(PowerMockJUnit44RunnerDelegateImpl.java:160) [powermock-module-junit4-1.7.3.jar:1.7.3]
	at org.powermock.modules.junit4.internal.impl.PowerMockJUnit44RunnerDelegateImpl$1.run(PowerMockJUnit44RunnerDelegateImpl.java:134) [powermock-module-junit4-1.7.3.jar:1.7.3]
	at org.junit.internal.runners.ClassRoadie.runUnprotected(ClassRoadie.java:34) [junit-4.12.jar:4.12]
	at org.junit.internal.runners.ClassRoadie.runProtected(ClassRoadie.java:44) [junit-4.12.jar:4.12]
	at org.powermock.modules.junit4.internal.impl.PowerMockJUnit44RunnerDelegateImpl.run(PowerMockJUnit44RunnerDelegateImpl.java:136) [powermock-module-junit4-1.7.3.jar:1.7.3]
	at org.powermock.modules.junit4.common.internal.impl.JUnit4TestSuiteChunkerImpl.run(JUnit4TestSuiteChunkerImpl.java:121) [powermock-module-junit4-common-1.7.3.jar:1.7.3]
	at org.powermock.modules.junit4.common.internal.impl.AbstractCommonPowerMockRunner.run(AbstractCommonPowerMockRunner.java:57) [powermock-module-junit4-common-1.7.3.jar:1.7.3]
	at org.powermock.modules.junit4.PowerMockRunner.run(PowerMockRunner.java:59) [powermock-module-junit4-1.7.3.jar:1.7.3]
	at org.gradle.api.internal.tasks.testing.junit.JUnitTestClassExecuter.runTestClass(JUnitTestClassExecuter.java:114) [gradle-testing-jvm-4.4.1.jar:4.4.1]
	at org.gradle.api.internal.tasks.testing.junit.JUnitTestClassExecuter.execute(JUnitTestClassExecuter.java:57) [gradle-testing-jvm-4.4.1.jar:4.4.1]
	at org.gradle.api.internal.tasks.testing.junit.JUnitTestClassProcessor.processTestClass(JUnitTestClassProcessor.java:66) [gradle-testing-jvm-4.4.1.jar:4.4.1]
	at org.gradle.api.internal.tasks.testing.SuiteTestClassProcessor.processTestClass(SuiteTestClassProcessor.java:51) [gradle-testing-base-4.4.1.jar:4.4.1]
	at sun.reflect.NativeMethodAccessorImpl.invoke0(Native Method) ~[?:1.8.0_144]
	at sun.reflect.NativeMethodAccessorImpl.invoke(NativeMethodAccessorImpl.java:62) ~[?:1.8.0_144]
	at sun.reflect.DelegatingMethodAccessorImpl.invoke(DelegatingMethodAccessorImpl.java:43) ~[?:1.8.0_144]
	at java.lang.reflect.Method.invoke(Method.java:498) ~[?:1.8.0_144]
	at org.gradle.internal.dispatch.ReflectionDispatch.dispatch(ReflectionDispatch.java:35) [gradle-messaging-4.4.1.jar:4.4.1]
	at org.gradle.internal.dispatch.ReflectionDispatch.dispatch(ReflectionDispatch.java:24) [gradle-messaging-4.4.1.jar:4.4.1]
	at org.gradle.internal.dispatch.ContextClassLoaderDispatch.dispatch(ContextClassLoaderDispatch.java:32) [gradle-messaging-4.4.1.jar:4.4.1]
	at org.gradle.internal.dispatch.ProxyDispatchAdapter$DispatchingInvocationHandler.invoke(ProxyDispatchAdapter.java:93) [gradle-messaging-4.4.1.jar:4.4.1]
	at com.sun.proxy.$Proxy1.processTestClass(Unknown Source) [?:?]
	at org.gradle.api.internal.tasks.testing.worker.TestWorker.processTestClass(TestWorker.java:108) [gradle-testing-base-4.4.1.jar:4.4.1]
	at sun.reflect.NativeMethodAccessorImpl.invoke0(Native Method) ~[?:1.8.0_144]
	at sun.reflect.NativeMethodAccessorImpl.invoke(NativeMethodAccessorImpl.java:62) ~[?:1.8.0_144]
	at sun.reflect.DelegatingMethodAccessorImpl.invoke(DelegatingMethodAccessorImpl.java:43) ~[?:1.8.0_144]
	at java.lang.reflect.Method.invoke(Method.java:498) ~[?:1.8.0_144]
	at org.gradle.internal.dispatch.ReflectionDispatch.dispatch(ReflectionDispatch.java:35) [gradle-messaging-4.4.1.jar:4.4.1]
	at org.gradle.internal.dispatch.ReflectionDispatch.dispatch(ReflectionDispatch.java:24) [gradle-messaging-4.4.1.jar:4.4.1]
	at org.gradle.internal.remote.internal.hub.MessageHubBackedObjectConnection$DispatchWrapper.dispatch(MessageHubBackedObjectConnection.java:146) [gradle-messaging-4.4.1.jar:4.4.1]
	at org.gradle.internal.remote.internal.hub.MessageHubBackedObjectConnection$DispatchWrapper.dispatch(MessageHubBackedObjectConnection.java:128) [gradle-messaging-4.4.1.jar:4.4.1]
	at org.gradle.internal.remote.internal.hub.MessageHub$Handler.run(MessageHub.java:404) [gradle-messaging-4.4.1.jar:4.4.1]
	at org.gradle.internal.concurrent.ExecutorPolicy$CatchAndRecordFailures.onExecute(ExecutorPolicy.java:63) [gradle-base-services-4.4.1.jar:4.4.1]
	at org.gradle.internal.concurrent.ManagedExecutorImpl$1.run(ManagedExecutorImpl.java:46) [gradle-base-services-4.4.1.jar:4.4.1]
	at java.util.concurrent.ThreadPoolExecutor.runWorker(ThreadPoolExecutor.java:1149) [?:1.8.0_144]
	at java.util.concurrent.ThreadPoolExecutor$Worker.run(ThreadPoolExecutor.java:624) [?:1.8.0_144]
	at org.gradle.internal.concurrent.ThreadFactoryImpl$ManagedThreadRunnable.run(ThreadFactoryImpl.java:55) [gradle-base-services-4.4.1.jar:4.4.1]
	at java.lang.Thread.run(Thread.java:748) [?:1.8.0_144]
19687 [Test worker] 2018-01-08 14:56:27,955 INFO  KrakenExchangeAdapter init() - About to initialise Kraken ExchangeConfig: EasyMock for interface com.gazbert.bxbot.exchange.api.ExchangeConfig
19688 [Test worker] 2018-01-08 14:56:27,956 INFO  AbstractExchangeAdapter setNetworkConfig() - connection-timeout: 30
19688 [Test worker] 2018-01-08 14:56:27,956 INFO  AbstractExchangeAdapter setNetworkConfig() - non-fatal-error-codes: [502, 503, 504]
19689 [Test worker] 2018-01-08 14:56:27,957 INFO  AbstractExchangeAdapter setNetworkConfig() - non-fatal-error-messages: [Connection refused, Connection reset, Remote host closed connection during handshake]
19689 [Test worker] 2018-01-08 14:56:27,957 INFO  AbstractExchangeAdapter getOptionalConfigItem() - buy-fee: 0.1
19689 [Test worker] 2018-01-08 14:56:27,957 INFO  KrakenExchangeAdapter setOptionalConfig() - Buy fee % in BigDecimal format: 0.00100000
19689 [Test worker] 2018-01-08 14:56:27,957 INFO  AbstractExchangeAdapter getOptionalConfigItem() - sell-fee: 0.2
19690 [Test worker] 2018-01-08 14:56:27,958 INFO  KrakenExchangeAdapter setOptionalConfig() - Sell fee % in BigDecimal format: 0.00200000
19691 [Test worker] 2018-01-08 14:56:27,959 INFO  AbstractExchangeAdapter getOptionalConfigItem() - keep-alive-during-maintenance: false
19691 [Test worker] 2018-01-08 14:56:27,959 INFO  KrakenExchangeAdapter setOptionalConfig() - Keep Alive During Maintenance: false
19692 [Test worker] 2018-01-08 14:56:27,960 ERROR KrakenExchangeAdapter getMarketOrders() - Unexpected error has occurred in Kraken Exchange Adapter. 
java.lang.IllegalArgumentException: Down time is the worst, isnâ€™t it? Adrenaline leaves and the mind starts to wander...
	at org.easymock.internal.MockInvocationHandler.invoke(MockInvocationHandler.java:46) ~[easymock-3.5.1.jar:3.5.1]
	at org.powermock.api.easymock.internal.invocationcontrol.EasyMockMethodInvocationControl.invoke(EasyMockMethodInvocationControl.java:90) ~[powermock-api-easymock-1.7.3.jar:1.7.3]
	at org.powermock.core.MockGateway.doMethodCall(MockGateway.java:182) ~[powermock-core-1.7.3.jar:1.7.3]
	at org.powermock.core.MockGateway.doMethodCall(MockGateway.java:164) ~[powermock-core-1.7.3.jar:1.7.3]
	at org.powermock.core.MockGateway.methodCall(MockGateway.java:134) ~[powermock-core-1.7.3.jar:1.7.3]
	at com.gazbert.bxbot.exchanges.KrakenExchangeAdapter.sendPublicRequestToExchange(KrakenExchangeAdapter.java) ~[main/:?]
	at com.gazbert.bxbot.exchanges.KrakenExchangeAdapter.getMarketOrders(KrakenExchangeAdapter.java:288) [main/:?]
	at com.gazbert.bxbot.exchanges.KrakenExchangeAdapter$$EnhancerByCGLIB$$957dc64b.CGLIB$getMarketOrders$3(<generated>) [main/:?]
	at com.gazbert.bxbot.exchanges.KrakenExchangeAdapter$$EnhancerByCGLIB$$957dc64b$$FastClassByCGLIB$$8994032f.invoke(<generated>) [main/:?]
	at org.easymock.cglib.proxy.MethodProxy.invokeSuper(MethodProxy.java:228) [easymock-3.5.1.jar:3.5.1]
	at org.easymock.internal.ClassProxyFactory$MockMethodInterceptor.intercept(ClassProxyFactory.java:92) [easymock-3.5.1.jar:3.5.1]
	at com.gazbert.bxbot.exchanges.KrakenExchangeAdapter$$EnhancerByCGLIB$$957dc64b.getMarketOrders(<generated>) [main/:?]
	at com.gazbert.bxbot.exchanges.TestKrakenExchangeAdapter.testGettingMarketOrdersHandlesUnexpectedException(TestKrakenExchangeAdapter.java:266) [test/:?]
	at sun.reflect.NativeMethodAccessorImpl.invoke0(Native Method) ~[?:1.8.0_144]
	at sun.reflect.NativeMethodAccessorImpl.invoke(NativeMethodAccessorImpl.java:62) ~[?:1.8.0_144]
	at sun.reflect.DelegatingMethodAccessorImpl.invoke(DelegatingMethodAccessorImpl.java:43) ~[?:1.8.0_144]
	at java.lang.reflect.Method.invoke(Method.java:498) ~[?:1.8.0_144]
	at org.junit.internal.runners.TestMethod.invoke(TestMethod.java:68) [junit-4.12.jar:4.12]
	at org.powermock.modules.junit4.internal.impl.PowerMockJUnit44RunnerDelegateImpl$PowerMockJUnit44MethodRunner.runTestMethod(PowerMockJUnit44RunnerDelegateImpl.java:326) [powermock-module-junit4-1.7.3.jar:1.7.3]
	at org.junit.internal.runners.MethodRoadie$2.run(MethodRoadie.java:89) [junit-4.12.jar:4.12]
	at org.junit.internal.runners.MethodRoadie.runBeforesThenTestThenAfters(MethodRoadie.java:97) [junit-4.12.jar:4.12]
	at org.powermock.modules.junit4.internal.impl.PowerMockJUnit44RunnerDelegateImpl$PowerMockJUnit44MethodRunner.executeTest(PowerMockJUnit44RunnerDelegateImpl.java:310) [powermock-module-junit4-1.7.3.jar:1.7.3]
	at org.powermock.modules.junit4.internal.impl.PowerMockJUnit47RunnerDelegateImpl$PowerMockJUnit47MethodRunner.executeTestInSuper(PowerMockJUnit47RunnerDelegateImpl.java:131) [powermock-module-junit4-1.7.3.jar:1.7.3]
	at org.powermock.modules.junit4.internal.impl.PowerMockJUnit47RunnerDelegateImpl$PowerMockJUnit47MethodRunner.access$100(PowerMockJUnit47RunnerDelegateImpl.java:59) [powermock-module-junit4-1.7.3.jar:1.7.3]
	at org.powermock.modules.junit4.internal.impl.PowerMockJUnit47RunnerDelegateImpl$PowerMockJUnit47MethodRunner$TestExecutorStatement.evaluate(PowerMockJUnit47RunnerDelegateImpl.java:147) [powermock-module-junit4-1.7.3.jar:1.7.3]
	at org.powermock.modules.junit4.internal.impl.PowerMockJUnit47RunnerDelegateImpl$PowerMockJUnit47MethodRunner.evaluateStatement(PowerMockJUnit47RunnerDelegateImpl.java:107) [powermock-module-junit4-1.7.3.jar:1.7.3]
	at org.powermock.modules.junit4.internal.impl.PowerMockJUnit47RunnerDelegateImpl$PowerMockJUnit47MethodRunner.executeTest(PowerMockJUnit47RunnerDelegateImpl.java:82) [powermock-module-junit4-1.7.3.jar:1.7.3]
	at org.powermock.modules.junit4.internal.impl.PowerMockJUnit44RunnerDelegateImpl$PowerMockJUnit44MethodRunner.runBeforesThenTestThenAfters(PowerMockJUnit44RunnerDelegateImpl.java:298) [powermock-module-junit4-1.7.3.jar:1.7.3]
	at org.junit.internal.runners.MethodRoadie.runTest(MethodRoadie.java:87) [junit-4.12.jar:4.12]
	at org.junit.internal.runners.MethodRoadie.run(MethodRoadie.java:50) [junit-4.12.jar:4.12]
	at org.powermock.modules.junit4.internal.impl.PowerMockJUnit44RunnerDelegateImpl.invokeTestMethod(PowerMockJUnit44RunnerDelegateImpl.java:218) [powermock-module-junit4-1.7.3.jar:1.7.3]
	at org.powermock.modules.junit4.internal.impl.PowerMockJUnit44RunnerDelegateImpl.runMethods(PowerMockJUnit44RunnerDelegateImpl.java:160) [powermock-module-junit4-1.7.3.jar:1.7.3]
	at org.powermock.modules.junit4.internal.impl.PowerMockJUnit44RunnerDelegateImpl$1.run(PowerMockJUnit44RunnerDelegateImpl.java:134) [powermock-module-junit4-1.7.3.jar:1.7.3]
	at org.junit.internal.runners.ClassRoadie.runUnprotected(ClassRoadie.java:34) [junit-4.12.jar:4.12]
	at org.junit.internal.runners.ClassRoadie.runProtected(ClassRoadie.java:44) [junit-4.12.jar:4.12]
	at org.powermock.modules.junit4.internal.impl.PowerMockJUnit44RunnerDelegateImpl.run(PowerMockJUnit44RunnerDelegateImpl.java:136) [powermock-module-junit4-1.7.3.jar:1.7.3]
	at org.powermock.modules.junit4.common.internal.impl.JUnit4TestSuiteChunkerImpl.run(JUnit4TestSuiteChunkerImpl.java:121) [powermock-module-junit4-common-1.7.3.jar:1.7.3]
	at org.powermock.modules.junit4.common.internal.impl.AbstractCommonPowerMockRunner.run(AbstractCommonPowerMockRunner.java:57) [powermock-module-junit4-common-1.7.3.jar:1.7.3]
	at org.powermock.modules.junit4.PowerMockRunner.run(PowerMockRunner.java:59) [powermock-module-junit4-1.7.3.jar:1.7.3]
	at org.gradle.api.internal.tasks.testing.junit.JUnitTestClassExecuter.runTestClass(JUnitTestClassExecuter.java:114) [gradle-testing-jvm-4.4.1.jar:4.4.1]
	at org.gradle.api.internal.tasks.testing.junit.JUnitTestClassExecuter.execute(JUnitTestClassExecuter.java:57) [gradle-testing-jvm-4.4.1.jar:4.4.1]
	at org.gradle.api.internal.tasks.testing.junit.JUnitTestClassProcessor.processTestClass(JUnitTestClassProcessor.java:66) [gradle-testing-jvm-4.4.1.jar:4.4.1]
	at org.gradle.api.internal.tasks.testing.SuiteTestClassProcessor.processTestClass(SuiteTestClassProcessor.java:51) [gradle-testing-base-4.4.1.jar:4.4.1]
	at sun.reflect.NativeMethodAccessorImpl.invoke0(Native Method) ~[?:1.8.0_144]
	at sun.reflect.NativeMethodAccessorImpl.invoke(NativeMethodAccessorImpl.java:62) ~[?:1.8.0_144]
	at sun.reflect.DelegatingMethodAccessorImpl.invoke(DelegatingMethodAccessorImpl.java:43) ~[?:1.8.0_144]
	at java.lang.reflect.Method.invoke(Method.java:498) ~[?:1.8.0_144]
	at org.gradle.internal.dispatch.ReflectionDispatch.dispatch(ReflectionDispatch.java:35) [gradle-messaging-4.4.1.jar:4.4.1]
	at org.gradle.internal.dispatch.ReflectionDispatch.dispatch(ReflectionDispatch.java:24) [gradle-messaging-4.4.1.jar:4.4.1]
	at org.gradle.internal.dispatch.ContextClassLoaderDispatch.dispatch(ContextClassLoaderDispatch.java:32) [gradle-messaging-4.4.1.jar:4.4.1]
	at org.gradle.internal.dispatch.ProxyDispatchAdapter$DispatchingInvocationHandler.invoke(ProxyDispatchAdapter.java:93) [gradle-messaging-4.4.1.jar:4.4.1]
	at com.sun.proxy.$Proxy1.processTestClass(Unknown Source) [?:?]
	at org.gradle.api.internal.tasks.testing.worker.TestWorker.processTestClass(TestWorker.java:108) [gradle-testing-base-4.4.1.jar:4.4.1]
	at sun.reflect.NativeMethodAccessorImpl.invoke0(Native Method) ~[?:1.8.0_144]
	at sun.reflect.NativeMethodAccessorImpl.invoke(NativeMethodAccessorImpl.java:62) ~[?:1.8.0_144]
	at sun.reflect.DelegatingMethodAccessorImpl.invoke(DelegatingMethodAccessorImpl.java:43) ~[?:1.8.0_144]
	at java.lang.reflect.Method.invoke(Method.java:498) ~[?:1.8.0_144]
	at org.gradle.internal.dispatch.ReflectionDispatch.dispatch(ReflectionDispatch.java:35) [gradle-messaging-4.4.1.jar:4.4.1]
	at org.gradle.internal.dispatch.ReflectionDispatch.dispatch(ReflectionDispatch.java:24) [gradle-messaging-4.4.1.jar:4.4.1]
	at org.gradle.internal.remote.internal.hub.MessageHubBackedObjectConnection$DispatchWrapper.dispatch(MessageHubBackedObjectConnection.java:146) [gradle-messaging-4.4.1.jar:4.4.1]
	at org.gradle.internal.remote.internal.hub.MessageHubBackedObjectConnection$DispatchWrapper.dispatch(MessageHubBackedObjectConnection.java:128) [gradle-messaging-4.4.1.jar:4.4.1]
	at org.gradle.internal.remote.internal.hub.MessageHub$Handler.run(MessageHub.java:404) [gradle-messaging-4.4.1.jar:4.4.1]
	at org.gradle.internal.concurrent.ExecutorPolicy$CatchAndRecordFailures.onExecute(ExecutorPolicy.java:63) [gradle-base-services-4.4.1.jar:4.4.1]
	at org.gradle.internal.concurrent.ManagedExecutorImpl$1.run(ManagedExecutorImpl.java:46) [gradle-base-services-4.4.1.jar:4.4.1]
	at java.util.concurrent.ThreadPoolExecutor.runWorker(ThreadPoolExecutor.java:1149) [?:1.8.0_144]
	at java.util.concurrent.ThreadPoolExecutor$Worker.run(ThreadPoolExecutor.java:624) [?:1.8.0_144]
	at org.gradle.internal.concurrent.ThreadFactoryImpl$ManagedThreadRunnable.run(ThreadFactoryImpl.java:55) [gradle-base-services-4.4.1.jar:4.4.1]
	at java.lang.Thread.run(Thread.java:748) [?:1.8.0_144]
19696 [Test worker] 2018-01-08 14:56:27,964 INFO  KrakenExchangeAdapter init() - About to initialise Kraken ExchangeConfig: EasyMock for interface com.gazbert.bxbot.exchange.api.ExchangeConfig
19696 [Test worker] 2018-01-08 14:56:27,964 INFO  AbstractExchangeAdapter setNetworkConfig() - connection-timeout: 30
19697 [Test worker] 2018-01-08 14:56:27,965 INFO  AbstractExchangeAdapter setNetworkConfig() - non-fatal-error-codes: [502, 503, 504]
19697 [Test worker] 2018-01-08 14:56:27,965 INFO  AbstractExchangeAdapter setNetworkConfig() - non-fatal-error-messages: [Connection refused, Connection reset, Remote host closed connection during handshake]
19698 [Test worker] 2018-01-08 14:56:27,966 INFO  AbstractExchangeAdapter getOptionalConfigItem() - buy-fee: 0.1
19698 [Test worker] 2018-01-08 14:56:27,966 INFO  KrakenExchangeAdapter setOptionalConfig() - Buy fee % in BigDecimal format: 0.00100000
19699 [Test worker] 2018-01-08 14:56:27,967 INFO  AbstractExchangeAdapter getOptionalConfigItem() - sell-fee: 0.2
19699 [Test worker] 2018-01-08 14:56:27,967 INFO  KrakenExchangeAdapter setOptionalConfig() - Sell fee % in BigDecimal format: 0.00200000
19699 [Test worker] 2018-01-08 14:56:27,967 INFO  AbstractExchangeAdapter getOptionalConfigItem() - keep-alive-during-maintenance: false
19700 [Test worker] 2018-01-08 14:56:27,968 INFO  KrakenExchangeAdapter setOptionalConfig() - Keep Alive During Maintenance: false
19701 [Test worker] 2018-01-08 14:56:27,969 ERROR KrakenExchangeAdapter getYourOpenOrders() - Unexpected error has occurred in Kraken Exchange Adapter. 
java.lang.IllegalStateException: Ah! Curse your sudden but inevitable betrayal!
	at org.easymock.internal.MockInvocationHandler.invoke(MockInvocationHandler.java:46) ~[easymock-3.5.1.jar:3.5.1]
	at org.powermock.api.easymock.internal.invocationcontrol.EasyMockMethodInvocationControl.invoke(EasyMockMethodInvocationControl.java:90) ~[powermock-api-easymock-1.7.3.jar:1.7.3]
	at org.powermock.core.MockGateway.doMethodCall(MockGateway.java:182) ~[powermock-core-1.7.3.jar:1.7.3]
	at org.powermock.core.MockGateway.doMethodCall(MockGateway.java:164) ~[powermock-core-1.7.3.jar:1.7.3]
	at org.powermock.core.MockGateway.methodCall(MockGateway.java:134) ~[powermock-core-1.7.3.jar:1.7.3]
	at com.gazbert.bxbot.exchanges.KrakenExchangeAdapter.sendAuthenticatedRequestToExchange(KrakenExchangeAdapter.java) ~[main/:?]
	at com.gazbert.bxbot.exchanges.KrakenExchangeAdapter.getYourOpenOrders(KrakenExchangeAdapter.java:363) [main/:?]
	at com.gazbert.bxbot.exchanges.KrakenExchangeAdapter$$EnhancerByCGLIB$$957dc64b.CGLIB$getYourOpenOrders$8(<generated>) [main/:?]
	at com.gazbert.bxbot.exchanges.KrakenExchangeAdapter$$EnhancerByCGLIB$$957dc64b$$FastClassByCGLIB$$8994032f.invoke(<generated>) [main/:?]
	at org.easymock.cglib.proxy.MethodProxy.invokeSuper(MethodProxy.java:228) [easymock-3.5.1.jar:3.5.1]
	at org.easymock.internal.ClassProxyFactory$MockMethodInterceptor.intercept(ClassProxyFactory.java:92) [easymock-3.5.1.jar:3.5.1]
	at com.gazbert.bxbot.exchanges.KrakenExchangeAdapter$$EnhancerByCGLIB$$957dc64b.getYourOpenOrders(<generated>) [main/:?]
	at com.gazbert.bxbot.exchanges.TestKrakenExchangeAdapter.testGettingYourOpenOrdersHandlesUnexpectedException(TestKrakenExchangeAdapter.java:360) [test/:?]
	at sun.reflect.NativeMethodAccessorImpl.invoke0(Native Method) ~[?:1.8.0_144]
	at sun.reflect.NativeMethodAccessorImpl.invoke(NativeMethodAccessorImpl.java:62) ~[?:1.8.0_144]
	at sun.reflect.DelegatingMethodAccessorImpl.invoke(DelegatingMethodAccessorImpl.java:43) ~[?:1.8.0_144]
	at java.lang.reflect.Method.invoke(Method.java:498) ~[?:1.8.0_144]
	at org.junit.internal.runners.TestMethod.invoke(TestMethod.java:68) [junit-4.12.jar:4.12]
	at org.powermock.modules.junit4.internal.impl.PowerMockJUnit44RunnerDelegateImpl$PowerMockJUnit44MethodRunner.runTestMethod(PowerMockJUnit44RunnerDelegateImpl.java:326) [powermock-module-junit4-1.7.3.jar:1.7.3]
	at org.junit.internal.runners.MethodRoadie$2.run(MethodRoadie.java:89) [junit-4.12.jar:4.12]
	at org.junit.internal.runners.MethodRoadie.runBeforesThenTestThenAfters(MethodRoadie.java:97) [junit-4.12.jar:4.12]
	at org.powermock.modules.junit4.internal.impl.PowerMockJUnit44RunnerDelegateImpl$PowerMockJUnit44MethodRunner.executeTest(PowerMockJUnit44RunnerDelegateImpl.java:310) [powermock-module-junit4-1.7.3.jar:1.7.3]
	at org.powermock.modules.junit4.internal.impl.PowerMockJUnit47RunnerDelegateImpl$PowerMockJUnit47MethodRunner.executeTestInSuper(PowerMockJUnit47RunnerDelegateImpl.java:131) [powermock-module-junit4-1.7.3.jar:1.7.3]
	at org.powermock.modules.junit4.internal.impl.PowerMockJUnit47RunnerDelegateImpl$PowerMockJUnit47MethodRunner.access$100(PowerMockJUnit47RunnerDelegateImpl.java:59) [powermock-module-junit4-1.7.3.jar:1.7.3]
	at org.powermock.modules.junit4.internal.impl.PowerMockJUnit47RunnerDelegateImpl$PowerMockJUnit47MethodRunner$TestExecutorStatement.evaluate(PowerMockJUnit47RunnerDelegateImpl.java:147) [powermock-module-junit4-1.7.3.jar:1.7.3]
	at org.powermock.modules.junit4.internal.impl.PowerMockJUnit47RunnerDelegateImpl$PowerMockJUnit47MethodRunner.evaluateStatement(PowerMockJUnit47RunnerDelegateImpl.java:107) [powermock-module-junit4-1.7.3.jar:1.7.3]
	at org.powermock.modules.junit4.internal.impl.PowerMockJUnit47RunnerDelegateImpl$PowerMockJUnit47MethodRunner.executeTest(PowerMockJUnit47RunnerDelegateImpl.java:82) [powermock-module-junit4-1.7.3.jar:1.7.3]
	at org.powermock.modules.junit4.internal.impl.PowerMockJUnit44RunnerDelegateImpl$PowerMockJUnit44MethodRunner.runBeforesThenTestThenAfters(PowerMockJUnit44RunnerDelegateImpl.java:298) [powermock-module-junit4-1.7.3.jar:1.7.3]
	at org.junit.internal.runners.MethodRoadie.runTest(MethodRoadie.java:87) [junit-4.12.jar:4.12]
	at org.junit.internal.runners.MethodRoadie.run(MethodRoadie.java:50) [junit-4.12.jar:4.12]
	at org.powermock.modules.junit4.internal.impl.PowerMockJUnit44RunnerDelegateImpl.invokeTestMethod(PowerMockJUnit44RunnerDelegateImpl.java:218) [powermock-module-junit4-1.7.3.jar:1.7.3]
	at org.powermock.modules.junit4.internal.impl.PowerMockJUnit44RunnerDelegateImpl.runMethods(PowerMockJUnit44RunnerDelegateImpl.java:160) [powermock-module-junit4-1.7.3.jar:1.7.3]
	at org.powermock.modules.junit4.internal.impl.PowerMockJUnit44RunnerDelegateImpl$1.run(PowerMockJUnit44RunnerDelegateImpl.java:134) [powermock-module-junit4-1.7.3.jar:1.7.3]
	at org.junit.internal.runners.ClassRoadie.runUnprotected(ClassRoadie.java:34) [junit-4.12.jar:4.12]
	at org.junit.internal.runners.ClassRoadie.runProtected(ClassRoadie.java:44) [junit-4.12.jar:4.12]
	at org.powermock.modules.junit4.internal.impl.PowerMockJUnit44RunnerDelegateImpl.run(PowerMockJUnit44RunnerDelegateImpl.java:136) [powermock-module-junit4-1.7.3.jar:1.7.3]
	at org.powermock.modules.junit4.common.internal.impl.JUnit4TestSuiteChunkerImpl.run(JUnit4TestSuiteChunkerImpl.java:121) [powermock-module-junit4-common-1.7.3.jar:1.7.3]
	at org.powermock.modules.junit4.common.internal.impl.AbstractCommonPowerMockRunner.run(AbstractCommonPowerMockRunner.java:57) [powermock-module-junit4-common-1.7.3.jar:1.7.3]
	at org.powermock.modules.junit4.PowerMockRunner.run(PowerMockRunner.java:59) [powermock-module-junit4-1.7.3.jar:1.7.3]
	at org.gradle.api.internal.tasks.testing.junit.JUnitTestClassExecuter.runTestClass(JUnitTestClassExecuter.java:114) [gradle-testing-jvm-4.4.1.jar:4.4.1]
	at org.gradle.api.internal.tasks.testing.junit.JUnitTestClassExecuter.execute(JUnitTestClassExecuter.java:57) [gradle-testing-jvm-4.4.1.jar:4.4.1]
	at org.gradle.api.internal.tasks.testing.junit.JUnitTestClassProcessor.processTestClass(JUnitTestClassProcessor.java:66) [gradle-testing-jvm-4.4.1.jar:4.4.1]
	at org.gradle.api.internal.tasks.testing.SuiteTestClassProcessor.processTestClass(SuiteTestClassProcessor.java:51) [gradle-testing-base-4.4.1.jar:4.4.1]
	at sun.reflect.NativeMethodAccessorImpl.invoke0(Native Method) ~[?:1.8.0_144]
	at sun.reflect.NativeMethodAccessorImpl.invoke(NativeMethodAccessorImpl.java:62) ~[?:1.8.0_144]
	at sun.reflect.DelegatingMethodAccessorImpl.invoke(DelegatingMethodAccessorImpl.java:43) ~[?:1.8.0_144]
	at java.lang.reflect.Method.invoke(Method.java:498) ~[?:1.8.0_144]
	at org.gradle.internal.dispatch.ReflectionDispatch.dispatch(ReflectionDispatch.java:35) [gradle-messaging-4.4.1.jar:4.4.1]
	at org.gradle.internal.dispatch.ReflectionDispatch.dispatch(ReflectionDispatch.java:24) [gradle-messaging-4.4.1.jar:4.4.1]
	at org.gradle.internal.dispatch.ContextClassLoaderDispatch.dispatch(ContextClassLoaderDispatch.java:32) [gradle-messaging-4.4.1.jar:4.4.1]
	at org.gradle.internal.dispatch.ProxyDispatchAdapter$DispatchingInvocationHandler.invoke(ProxyDispatchAdapter.java:93) [gradle-messaging-4.4.1.jar:4.4.1]
	at com.sun.proxy.$Proxy1.processTestClass(Unknown Source) [?:?]
	at org.gradle.api.internal.tasks.testing.worker.TestWorker.processTestClass(TestWorker.java:108) [gradle-testing-base-4.4.1.jar:4.4.1]
	at sun.reflect.NativeMethodAccessorImpl.invoke0(Native Method) ~[?:1.8.0_144]
	at sun.reflect.NativeMethodAccessorImpl.invoke(NativeMethodAccessorImpl.java:62) ~[?:1.8.0_144]
	at sun.reflect.DelegatingMethodAccessorImpl.invoke(DelegatingMethodAccessorImpl.java:43) ~[?:1.8.0_144]
	at java.lang.reflect.Method.invoke(Method.java:498) ~[?:1.8.0_144]
	at org.gradle.internal.dispatch.ReflectionDispatch.dispatch(ReflectionDispatch.java:35) [gradle-messaging-4.4.1.jar:4.4.1]
	at org.gradle.internal.dispatch.ReflectionDispatch.dispatch(ReflectionDispatch.java:24) [gradle-messaging-4.4.1.jar:4.4.1]
	at org.gradle.internal.remote.internal.hub.MessageHubBackedObjectConnection$DispatchWrapper.dispatch(MessageHubBackedObjectConnection.java:146) [gradle-messaging-4.4.1.jar:4.4.1]
	at org.gradle.internal.remote.internal.hub.MessageHubBackedObjectConnection$DispatchWrapper.dispatch(MessageHubBackedObjectConnection.java:128) [gradle-messaging-4.4.1.jar:4.4.1]
	at org.gradle.internal.remote.internal.hub.MessageHub$Handler.run(MessageHub.java:404) [gradle-messaging-4.4.1.jar:4.4.1]
	at org.gradle.internal.concurrent.ExecutorPolicy$CatchAndRecordFailures.onExecute(ExecutorPolicy.java:63) [gradle-base-services-4.4.1.jar:4.4.1]
	at org.gradle.internal.concurrent.ManagedExecutorImpl$1.run(ManagedExecutorImpl.java:46) [gradle-base-services-4.4.1.jar:4.4.1]
	at java.util.concurrent.ThreadPoolExecutor.runWorker(ThreadPoolExecutor.java:1149) [?:1.8.0_144]
	at java.util.concurrent.ThreadPoolExecutor$Worker.run(ThreadPoolExecutor.java:624) [?:1.8.0_144]
	at org.gradle.internal.concurrent.ThreadFactoryImpl$ManagedThreadRunnable.run(ThreadFactoryImpl.java:55) [gradle-base-services-4.4.1.jar:4.4.1]
	at java.lang.Thread.run(Thread.java:748) [?:1.8.0_144]
19703 [Test worker] 2018-01-08 14:56:27,971 INFO  KrakenExchangeAdapter init() - About to initialise Kraken ExchangeConfig: EasyMock for interface com.gazbert.bxbot.exchange.api.ExchangeConfig
19704 [Test worker] 2018-01-08 14:56:27,972 INFO  AbstractExchangeAdapter setNetworkConfig() - connection-timeout: 30
19705 [Test worker] 2018-01-08 14:56:27,973 INFO  AbstractExchangeAdapter setNetworkConfig() - non-fatal-error-codes: [502, 503, 504]
19705 [Test worker] 2018-01-08 14:56:27,973 INFO  AbstractExchangeAdapter setNetworkConfig() - non-fatal-error-messages: [Connection refused, Connection reset, Remote host closed connection during handshake]
19706 [Test worker] 2018-01-08 14:56:27,974 INFO  AbstractExchangeAdapter getOptionalConfigItem() - buy-fee: 0.1
19706 [Test worker] 2018-01-08 14:56:27,974 INFO  KrakenExchangeAdapter setOptionalConfig() - Buy fee % in BigDecimal format: 0.00100000
19707 [Test worker] 2018-01-08 14:56:27,975 INFO  AbstractExchangeAdapter getOptionalConfigItem() - sell-fee: 0.2
19707 [Test worker] 2018-01-08 14:56:27,975 INFO  KrakenExchangeAdapter setOptionalConfig() - Sell fee % in BigDecimal format: 0.00200000
19707 [Test worker] 2018-01-08 14:56:27,975 INFO  AbstractExchangeAdapter getOptionalConfigItem() - keep-alive-during-maintenance: false
19708 [Test worker] 2018-01-08 14:56:27,976 INFO  KrakenExchangeAdapter setOptionalConfig() - Keep Alive During Maintenance: false
19709 [Test worker] 2018-01-08 14:56:27,977 INFO  KrakenExchangeAdapter init() - About to initialise Kraken ExchangeConfig: EasyMock for interface com.gazbert.bxbot.exchange.api.ExchangeConfig
19709 [Test worker] 2018-01-08 14:56:27,977 INFO  AbstractExchangeAdapter setNetworkConfig() - connection-timeout: 30
19710 [Test worker] 2018-01-08 14:56:27,978 INFO  AbstractExchangeAdapter setNetworkConfig() - non-fatal-error-codes: [502, 503, 504]
19710 [Test worker] 2018-01-08 14:56:27,978 INFO  AbstractExchangeAdapter setNetworkConfig() - non-fatal-error-messages: [Connection refused, Connection reset, Remote host closed connection during handshake]
19710 [Test worker] 2018-01-08 14:56:27,978 INFO  AbstractExchangeAdapter getOptionalConfigItem() - buy-fee: 0.1
19711 [Test worker] 2018-01-08 14:56:27,979 INFO  KrakenExchangeAdapter setOptionalConfig() - Buy fee % in BigDecimal format: 0.00100000
19711 [Test worker] 2018-01-08 14:56:27,979 INFO  AbstractExchangeAdapter getOptionalConfigItem() - sell-fee: 0.2
19711 [Test worker] 2018-01-08 14:56:27,979 INFO  KrakenExchangeAdapter setOptionalConfig() - Sell fee % in BigDecimal format: 0.00200000
19711 [Test worker] 2018-01-08 14:56:27,979 INFO  AbstractExchangeAdapter getOptionalConfigItem() - keep-alive-during-maintenance: false
19712 [Test worker] 2018-01-08 14:56:27,980 INFO  KrakenExchangeAdapter setOptionalConfig() - Keep Alive During Maintenance: false
19713 [Test worker] 2018-01-08 14:56:27,981 INFO  KrakenExchangeAdapter init() - About to initialise Kraken ExchangeConfig: EasyMock for interface com.gazbert.bxbot.exchange.api.ExchangeConfig
19713 [Test worker] 2018-01-08 14:56:27,981 ERROR AbstractExchangeAdapter assertItemExists() - key cannot be null or zero length! HINT: is the value set in the config/exchange.xml ?
19715 [Test worker] 2018-01-08 14:56:27,983 INFO  KrakenExchangeAdapter init() - About to initialise Kraken ExchangeConfig: EasyMock for interface com.gazbert.bxbot.exchange.api.ExchangeConfig
19716 [Test worker] 2018-01-08 14:56:27,984 INFO  AbstractExchangeAdapter setNetworkConfig() - connection-timeout: 30
19717 [Test worker] 2018-01-08 14:56:27,985 INFO  AbstractExchangeAdapter setNetworkConfig() - non-fatal-error-codes: [502, 503, 504]
19717 [Test worker] 2018-01-08 14:56:27,985 INFO  AbstractExchangeAdapter setNetworkConfig() - non-fatal-error-messages: [Connection refused, Connection reset, Remote host closed connection during handshake]
19717 [Test worker] 2018-01-08 14:56:27,985 INFO  AbstractExchangeAdapter getOptionalConfigItem() - buy-fee: 0.1
19718 [Test worker] 2018-01-08 14:56:27,986 INFO  KrakenExchangeAdapter setOptionalConfig() - Buy fee % in BigDecimal format: 0.00100000
19718 [Test worker] 2018-01-08 14:56:27,986 INFO  AbstractExchangeAdapter getOptionalConfigItem() - sell-fee: 0.2
19719 [Test worker] 2018-01-08 14:56:27,987 INFO  KrakenExchangeAdapter setOptionalConfig() - Sell fee % in BigDecimal format: 0.00200000
19719 [Test worker] 2018-01-08 14:56:27,987 INFO  AbstractExchangeAdapter getOptionalConfigItem() - keep-alive-during-maintenance: false
19719 [Test worker] 2018-01-08 14:56:27,987 INFO  KrakenExchangeAdapter setOptionalConfig() - Keep Alive During Maintenance: false
19721 [Test worker] 2018-01-08 14:56:27,989 INFO  KrakenExchangeAdapter init() - About to initialise Kraken ExchangeConfig: EasyMock for interface com.gazbert.bxbot.exchange.api.ExchangeConfig
19721 [Test worker] 2018-01-08 14:56:27,989 INFO  AbstractExchangeAdapter setNetworkConfig() - connection-timeout: 30
19721 [Test worker] 2018-01-08 14:56:27,989 INFO  AbstractExchangeAdapter setNetworkConfig() - non-fatal-error-codes: [502, 503, 504]
19722 [Test worker] 2018-01-08 14:56:27,990 INFO  AbstractExchangeAdapter setNetworkConfig() - non-fatal-error-messages: [Connection refused, Connection reset, Remote host closed connection during handshake]
19723 [Test worker] 2018-01-08 14:56:27,991 INFO  AbstractExchangeAdapter getOptionalConfigItem() - buy-fee: 0.1
19723 [Test worker] 2018-01-08 14:56:27,991 INFO  KrakenExchangeAdapter setOptionalConfig() - Buy fee % in BigDecimal format: 0.00100000
19723 [Test worker] 2018-01-08 14:56:27,991 INFO  AbstractExchangeAdapter getOptionalConfigItem() - sell-fee: 0.2
19723 [Test worker] 2018-01-08 14:56:27,991 INFO  KrakenExchangeAdapter setOptionalConfig() - Sell fee % in BigDecimal format: 0.00200000
19724 [Test worker] 2018-01-08 14:56:27,992 INFO  AbstractExchangeAdapter getOptionalConfigItem() - keep-alive-during-maintenance: false
19724 [Test worker] 2018-01-08 14:56:27,992 INFO  KrakenExchangeAdapter setOptionalConfig() - Keep Alive During Maintenance: false
19725 [Test worker] 2018-01-08 14:56:27,993 ERROR KrakenExchangeAdapter createOrder() - Unexpected error has occurred in Kraken Exchange Adapter. 
java.lang.IllegalArgumentException: Have you ever had a dream, Neo, that you were so sure was real? What if you were unable to wake from that dream? How would you know the difference between the dream world and the real world?
	at org.easymock.internal.MockInvocationHandler.invoke(MockInvocationHandler.java:46) ~[easymock-3.5.1.jar:3.5.1]
	at org.powermock.api.easymock.internal.invocationcontrol.EasyMockMethodInvocationControl.invoke(EasyMockMethodInvocationControl.java:90) ~[powermock-api-easymock-1.7.3.jar:1.7.3]
	at org.powermock.core.MockGateway.doMethodCall(MockGateway.java:182) ~[powermock-core-1.7.3.jar:1.7.3]
	at org.powermock.core.MockGateway.doMethodCall(MockGateway.java:164) ~[powermock-core-1.7.3.jar:1.7.3]
	at org.powermock.core.MockGateway.methodCall(MockGateway.java:134) ~[powermock-core-1.7.3.jar:1.7.3]
	at com.gazbert.bxbot.exchanges.KrakenExchangeAdapter.sendAuthenticatedRequestToExchange(KrakenExchangeAdapter.java) ~[main/:?]
	at com.gazbert.bxbot.exchanges.KrakenExchangeAdapter.createOrder(KrakenExchangeAdapter.java:480) [main/:?]
	at com.gazbert.bxbot.exchanges.KrakenExchangeAdapter$$EnhancerByCGLIB$$957dc64b.CGLIB$createOrder$5(<generated>) [main/:?]
	at com.gazbert.bxbot.exchanges.KrakenExchangeAdapter$$EnhancerByCGLIB$$957dc64b$$FastClassByCGLIB$$8994032f.invoke(<generated>) [main/:?]
	at org.easymock.cglib.proxy.MethodProxy.invokeSuper(MethodProxy.java:228) [easymock-3.5.1.jar:3.5.1]
	at org.easymock.internal.ClassProxyFactory$MockMethodInterceptor.intercept(ClassProxyFactory.java:92) [easymock-3.5.1.jar:3.5.1]
	at com.gazbert.bxbot.exchanges.KrakenExchangeAdapter$$EnhancerByCGLIB$$957dc64b.createOrder(<generated>) [main/:?]
	at com.gazbert.bxbot.exchanges.TestKrakenExchangeAdapter.testCreateOrderHandlesUnexpectedException(TestKrakenExchangeAdapter.java:494) [test/:?]
	at sun.reflect.NativeMethodAccessorImpl.invoke0(Native Method) ~[?:1.8.0_144]
	at sun.reflect.NativeMethodAccessorImpl.invoke(NativeMethodAccessorImpl.java:62) ~[?:1.8.0_144]
	at sun.reflect.DelegatingMethodAccessorImpl.invoke(DelegatingMethodAccessorImpl.java:43) ~[?:1.8.0_144]
	at java.lang.reflect.Method.invoke(Method.java:498) ~[?:1.8.0_144]
	at org.junit.internal.runners.TestMethod.invoke(TestMethod.java:68) [junit-4.12.jar:4.12]
	at org.powermock.modules.junit4.internal.impl.PowerMockJUnit44RunnerDelegateImpl$PowerMockJUnit44MethodRunner.runTestMethod(PowerMockJUnit44RunnerDelegateImpl.java:326) [powermock-module-junit4-1.7.3.jar:1.7.3]
	at org.junit.internal.runners.MethodRoadie$2.run(MethodRoadie.java:89) [junit-4.12.jar:4.12]
	at org.junit.internal.runners.MethodRoadie.runBeforesThenTestThenAfters(MethodRoadie.java:97) [junit-4.12.jar:4.12]
	at org.powermock.modules.junit4.internal.impl.PowerMockJUnit44RunnerDelegateImpl$PowerMockJUnit44MethodRunner.executeTest(PowerMockJUnit44RunnerDelegateImpl.java:310) [powermock-module-junit4-1.7.3.jar:1.7.3]
	at org.powermock.modules.junit4.internal.impl.PowerMockJUnit47RunnerDelegateImpl$PowerMockJUnit47MethodRunner.executeTestInSuper(PowerMockJUnit47RunnerDelegateImpl.java:131) [powermock-module-junit4-1.7.3.jar:1.7.3]
	at org.powermock.modules.junit4.internal.impl.PowerMockJUnit47RunnerDelegateImpl$PowerMockJUnit47MethodRunner.access$100(PowerMockJUnit47RunnerDelegateImpl.java:59) [powermock-module-junit4-1.7.3.jar:1.7.3]
	at org.powermock.modules.junit4.internal.impl.PowerMockJUnit47RunnerDelegateImpl$PowerMockJUnit47MethodRunner$TestExecutorStatement.evaluate(PowerMockJUnit47RunnerDelegateImpl.java:147) [powermock-module-junit4-1.7.3.jar:1.7.3]
	at org.powermock.modules.junit4.internal.impl.PowerMockJUnit47RunnerDelegateImpl$PowerMockJUnit47MethodRunner.evaluateStatement(PowerMockJUnit47RunnerDelegateImpl.java:107) [powermock-module-junit4-1.7.3.jar:1.7.3]
	at org.powermock.modules.junit4.internal.impl.PowerMockJUnit47RunnerDelegateImpl$PowerMockJUnit47MethodRunner.executeTest(PowerMockJUnit47RunnerDelegateImpl.java:82) [powermock-module-junit4-1.7.3.jar:1.7.3]
	at org.powermock.modules.junit4.internal.impl.PowerMockJUnit44RunnerDelegateImpl$PowerMockJUnit44MethodRunner.runBeforesThenTestThenAfters(PowerMockJUnit44RunnerDelegateImpl.java:298) [powermock-module-junit4-1.7.3.jar:1.7.3]
	at org.junit.internal.runners.MethodRoadie.runTest(MethodRoadie.java:87) [junit-4.12.jar:4.12]
	at org.junit.internal.runners.MethodRoadie.run(MethodRoadie.java:50) [junit-4.12.jar:4.12]
	at org.powermock.modules.junit4.internal.impl.PowerMockJUnit44RunnerDelegateImpl.invokeTestMethod(PowerMockJUnit44RunnerDelegateImpl.java:218) [powermock-module-junit4-1.7.3.jar:1.7.3]
	at org.powermock.modules.junit4.internal.impl.PowerMockJUnit44RunnerDelegateImpl.runMethods(PowerMockJUnit44RunnerDelegateImpl.java:160) [powermock-module-junit4-1.7.3.jar:1.7.3]
	at org.powermock.modules.junit4.internal.impl.PowerMockJUnit44RunnerDelegateImpl$1.run(PowerMockJUnit44RunnerDelegateImpl.java:134) [powermock-module-junit4-1.7.3.jar:1.7.3]
	at org.junit.internal.runners.ClassRoadie.runUnprotected(ClassRoadie.java:34) [junit-4.12.jar:4.12]
	at org.junit.internal.runners.ClassRoadie.runProtected(ClassRoadie.java:44) [junit-4.12.jar:4.12]
	at org.powermock.modules.junit4.internal.impl.PowerMockJUnit44RunnerDelegateImpl.run(PowerMockJUnit44RunnerDelegateImpl.java:136) [powermock-module-junit4-1.7.3.jar:1.7.3]
	at org.powermock.modules.junit4.common.internal.impl.JUnit4TestSuiteChunkerImpl.run(JUnit4TestSuiteChunkerImpl.java:121) [powermock-module-junit4-common-1.7.3.jar:1.7.3]
	at org.powermock.modules.junit4.common.internal.impl.AbstractCommonPowerMockRunner.run(AbstractCommonPowerMockRunner.java:57) [powermock-module-junit4-common-1.7.3.jar:1.7.3]
	at org.powermock.modules.junit4.PowerMockRunner.run(PowerMockRunner.java:59) [powermock-module-junit4-1.7.3.jar:1.7.3]
	at org.gradle.api.internal.tasks.testing.junit.JUnitTestClassExecuter.runTestClass(JUnitTestClassExecuter.java:114) [gradle-testing-jvm-4.4.1.jar:4.4.1]
	at org.gradle.api.internal.tasks.testing.junit.JUnitTestClassExecuter.execute(JUnitTestClassExecuter.java:57) [gradle-testing-jvm-4.4.1.jar:4.4.1]
	at org.gradle.api.internal.tasks.testing.junit.JUnitTestClassProcessor.processTestClass(JUnitTestClassProcessor.java:66) [gradle-testing-jvm-4.4.1.jar:4.4.1]
	at org.gradle.api.internal.tasks.testing.SuiteTestClassProcessor.processTestClass(SuiteTestClassProcessor.java:51) [gradle-testing-base-4.4.1.jar:4.4.1]
	at sun.reflect.NativeMethodAccessorImpl.invoke0(Native Method) ~[?:1.8.0_144]
	at sun.reflect.NativeMethodAccessorImpl.invoke(NativeMethodAccessorImpl.java:62) ~[?:1.8.0_144]
	at sun.reflect.DelegatingMethodAccessorImpl.invoke(DelegatingMethodAccessorImpl.java:43) ~[?:1.8.0_144]
	at java.lang.reflect.Method.invoke(Method.java:498) ~[?:1.8.0_144]
	at org.gradle.internal.dispatch.ReflectionDispatch.dispatch(ReflectionDispatch.java:35) [gradle-messaging-4.4.1.jar:4.4.1]
	at org.gradle.internal.dispatch.ReflectionDispatch.dispatch(ReflectionDispatch.java:24) [gradle-messaging-4.4.1.jar:4.4.1]
	at org.gradle.internal.dispatch.ContextClassLoaderDispatch.dispatch(ContextClassLoaderDispatch.java:32) [gradle-messaging-4.4.1.jar:4.4.1]
	at org.gradle.internal.dispatch.ProxyDispatchAdapter$DispatchingInvocationHandler.invoke(ProxyDispatchAdapter.java:93) [gradle-messaging-4.4.1.jar:4.4.1]
	at com.sun.proxy.$Proxy1.processTestClass(Unknown Source) [?:?]
	at org.gradle.api.internal.tasks.testing.worker.TestWorker.processTestClass(TestWorker.java:108) [gradle-testing-base-4.4.1.jar:4.4.1]
	at sun.reflect.NativeMethodAccessorImpl.invoke0(Native Method) ~[?:1.8.0_144]
	at sun.reflect.NativeMethodAccessorImpl.invoke(NativeMethodAccessorImpl.java:62) ~[?:1.8.0_144]
	at sun.reflect.DelegatingMethodAccessorImpl.invoke(DelegatingMethodAccessorImpl.java:43) ~[?:1.8.0_144]
	at java.lang.reflect.Method.invoke(Method.java:498) ~[?:1.8.0_144]
	at org.gradle.internal.dispatch.ReflectionDispatch.dispatch(ReflectionDispatch.java:35) [gradle-messaging-4.4.1.jar:4.4.1]
	at org.gradle.internal.dispatch.ReflectionDispatch.dispatch(ReflectionDispatch.java:24) [gradle-messaging-4.4.1.jar:4.4.1]
	at org.gradle.internal.remote.internal.hub.MessageHubBackedObjectConnection$DispatchWrapper.dispatch(MessageHubBackedObjectConnection.java:146) [gradle-messaging-4.4.1.jar:4.4.1]
	at org.gradle.internal.remote.internal.hub.MessageHubBackedObjectConnection$DispatchWrapper.dispatch(MessageHubBackedObjectConnection.java:128) [gradle-messaging-4.4.1.jar:4.4.1]
	at org.gradle.internal.remote.internal.hub.MessageHub$Handler.run(MessageHub.java:404) [gradle-messaging-4.4.1.jar:4.4.1]
	at org.gradle.internal.concurrent.ExecutorPolicy$CatchAndRecordFailures.onExecute(ExecutorPolicy.java:63) [gradle-base-services-4.4.1.jar:4.4.1]
	at org.gradle.internal.concurrent.ManagedExecutorImpl$1.run(ManagedExecutorImpl.java:46) [gradle-base-services-4.4.1.jar:4.4.1]
	at java.util.concurrent.ThreadPoolExecutor.runWorker(ThreadPoolExecutor.java:1149) [?:1.8.0_144]
	at java.util.concurrent.ThreadPoolExecutor$Worker.run(ThreadPoolExecutor.java:624) [?:1.8.0_144]
	at org.gradle.internal.concurrent.ThreadFactoryImpl$ManagedThreadRunnable.run(ThreadFactoryImpl.java:55) [gradle-base-services-4.4.1.jar:4.4.1]
	at java.lang.Thread.run(Thread.java:748) [?:1.8.0_144]
19727 [Test worker] 2018-01-08 14:56:27,995 INFO  KrakenExchangeAdapter init() - About to initialise Kraken ExchangeConfig: EasyMock for interface com.gazbert.bxbot.exchange.api.ExchangeConfig
19727 [Test worker] 2018-01-08 14:56:27,995 INFO  AbstractExchangeAdapter setNetworkConfig() - connection-timeout: 30
19728 [Test worker] 2018-01-08 14:56:27,996 INFO  AbstractExchangeAdapter setNetworkConfig() - non-fatal-error-codes: [502, 503, 504]
19728 [Test worker] 2018-01-08 14:56:27,996 INFO  AbstractExchangeAdapter setNetworkConfig() - non-fatal-error-messages: [Connection refused, Connection reset, Remote host closed connection during handshake]
19729 [Test worker] 2018-01-08 14:56:27,997 INFO  AbstractExchangeAdapter getOptionalConfigItem() - buy-fee: 0.1
19729 [Test worker] 2018-01-08 14:56:27,997 INFO  KrakenExchangeAdapter setOptionalConfig() - Buy fee % in BigDecimal format: 0.00100000
19730 [Test worker] 2018-01-08 14:56:27,998 INFO  AbstractExchangeAdapter getOptionalConfigItem() - sell-fee: 0.2
19736 [Test worker] 2018-01-08 14:56:28,004 INFO  KrakenExchangeAdapter setOptionalConfig() - Sell fee % in BigDecimal format: 0.00200000
19736 [Test worker] 2018-01-08 14:56:28,004 INFO  AbstractExchangeAdapter getOptionalConfigItem() - keep-alive-during-maintenance: false
19737 [Test worker] 2018-01-08 14:56:28,005 INFO  KrakenExchangeAdapter setOptionalConfig() - Keep Alive During Maintenance: false
19739 [Test worker] 2018-01-08 14:56:28,007 INFO  KrakenExchangeAdapter init() - About to initialise Kraken ExchangeConfig: EasyMock for interface com.gazbert.bxbot.exchange.api.ExchangeConfig
19740 [Test worker] 2018-01-08 14:56:28,008 INFO  AbstractExchangeAdapter setNetworkConfig() - connection-timeout: 30
19740 [Test worker] 2018-01-08 14:56:28,008 INFO  AbstractExchangeAdapter setNetworkConfig() - non-fatal-error-codes: [502, 503, 504]
19740 [Test worker] 2018-01-08 14:56:28,008 INFO  AbstractExchangeAdapter setNetworkConfig() - non-fatal-error-messages: [Connection refused, Connection reset, Remote host closed connection during handshake]
19741 [Test worker] 2018-01-08 14:56:28,009 INFO  AbstractExchangeAdapter getOptionalConfigItem() - buy-fee: 0.1
19741 [Test worker] 2018-01-08 14:56:28,009 INFO  KrakenExchangeAdapter setOptionalConfig() - Buy fee % in BigDecimal format: 0.00100000
19741 [Test worker] 2018-01-08 14:56:28,009 INFO  AbstractExchangeAdapter getOptionalConfigItem() - sell-fee: 0.2
19742 [Test worker] 2018-01-08 14:56:28,010 INFO  KrakenExchangeAdapter setOptionalConfig() - Sell fee % in BigDecimal format: 0.00200000
19742 [Test worker] 2018-01-08 14:56:28,010 INFO  AbstractExchangeAdapter getOptionalConfigItem() - keep-alive-during-maintenance: false
19743 [Test worker] 2018-01-08 14:56:28,011 INFO  KrakenExchangeAdapter setOptionalConfig() - Keep Alive During Maintenance: false
19745 [Test worker] 2018-01-08 14:56:28,013 INFO  KrakenExchangeAdapter init() - About to initialise Kraken ExchangeConfig: EasyMock for interface com.gazbert.bxbot.exchange.api.ExchangeConfig
19745 [Test worker] 2018-01-08 14:56:28,013 INFO  AbstractExchangeAdapter setNetworkConfig() - connection-timeout: 30
19746 [Test worker] 2018-01-08 14:56:28,014 INFO  AbstractExchangeAdapter setNetworkConfig() - non-fatal-error-codes: [502, 503, 504]
19746 [Test worker] 2018-01-08 14:56:28,014 INFO  AbstractExchangeAdapter setNetworkConfig() - non-fatal-error-messages: [Connection refused, Connection reset, Remote host closed connection during handshake]
19747 [Test worker] 2018-01-08 14:56:28,015 INFO  AbstractExchangeAdapter getOptionalConfigItem() - buy-fee: 0.1
19747 [Test worker] 2018-01-08 14:56:28,015 INFO  KrakenExchangeAdapter setOptionalConfig() - Buy fee % in BigDecimal format: 0.00100000
19748 [Test worker] 2018-01-08 14:56:28,016 INFO  AbstractExchangeAdapter getOptionalConfigItem() - sell-fee: 0.2
19748 [Test worker] 2018-01-08 14:56:28,016 INFO  KrakenExchangeAdapter setOptionalConfig() - Sell fee % in BigDecimal format: 0.00200000
19748 [Test worker] 2018-01-08 14:56:28,016 INFO  AbstractExchangeAdapter getOptionalConfigItem() - keep-alive-during-maintenance: false
19748 [Test worker] 2018-01-08 14:56:28,016 INFO  KrakenExchangeAdapter setOptionalConfig() - Keep Alive During Maintenance: false
19750 [Test worker] 2018-01-08 14:56:28,018 INFO  KrakenExchangeAdapter init() - About to initialise Kraken ExchangeConfig: EasyMock for interface com.gazbert.bxbot.exchange.api.ExchangeConfig
19751 [Test worker] 2018-01-08 14:56:28,019 INFO  AbstractExchangeAdapter setNetworkConfig() - connection-timeout: 30
19751 [Test worker] 2018-01-08 14:56:28,019 INFO  AbstractExchangeAdapter setNetworkConfig() - non-fatal-error-codes: [502, 503, 504]
19751 [Test worker] 2018-01-08 14:56:28,019 INFO  AbstractExchangeAdapter setNetworkConfig() - non-fatal-error-messages: [Connection refused, Connection reset, Remote host closed connection during handshake]
19751 [Test worker] 2018-01-08 14:56:28,019 INFO  AbstractExchangeAdapter getOptionalConfigItem() - buy-fee: 0.1
19752 [Test worker] 2018-01-08 14:56:28,020 INFO  KrakenExchangeAdapter setOptionalConfig() - Buy fee % in BigDecimal format: 0.00100000
19752 [Test worker] 2018-01-08 14:56:28,020 INFO  AbstractExchangeAdapter getOptionalConfigItem() - sell-fee: 0.2
19752 [Test worker] 2018-01-08 14:56:28,020 INFO  KrakenExchangeAdapter setOptionalConfig() - Sell fee % in BigDecimal format: 0.00200000
19753 [Test worker] 2018-01-08 14:56:28,021 INFO  AbstractExchangeAdapter getOptionalConfigItem() - keep-alive-during-maintenance: false
19753 [Test worker] 2018-01-08 14:56:28,021 INFO  KrakenExchangeAdapter setOptionalConfig() - Keep Alive During Maintenance: false
19753 [Test worker] 2018-01-08 14:56:28,021 ERROR KrakenExchangeAdapter cancelOrder() - Unexpected error has occurred in Kraken Exchange Adapter. 
java.lang.IllegalStateException: You know, I know this steak doesn't exist. I know that when I put it in my mouth, the Matrix is telling my brain that it is juicy and delicious. After nine years, you know what I realize? Ignorance is bliss.
	at org.easymock.internal.MockInvocationHandler.invoke(MockInvocationHandler.java:46) ~[easymock-3.5.1.jar:3.5.1]
	at org.powermock.api.easymock.internal.invocationcontrol.EasyMockMethodInvocationControl.invoke(EasyMockMethodInvocationControl.java:90) ~[powermock-api-easymock-1.7.3.jar:1.7.3]
	at org.powermock.core.MockGateway.doMethodCall(MockGateway.java:182) ~[powermock-core-1.7.3.jar:1.7.3]
	at org.powermock.core.MockGateway.doMethodCall(MockGateway.java:164) ~[powermock-core-1.7.3.jar:1.7.3]
	at org.powermock.core.MockGateway.methodCall(MockGateway.java:134) ~[powermock-core-1.7.3.jar:1.7.3]
	at com.gazbert.bxbot.exchanges.KrakenExchangeAdapter.sendAuthenticatedRequestToExchange(KrakenExchangeAdapter.java) ~[main/:?]
	at com.gazbert.bxbot.exchanges.KrakenExchangeAdapter.cancelOrder(KrakenExchangeAdapter.java:536) [main/:?]
	at com.gazbert.bxbot.exchanges.KrakenExchangeAdapter$$EnhancerByCGLIB$$957dc64b.CGLIB$cancelOrder$4(<generated>) [main/:?]
	at com.gazbert.bxbot.exchanges.KrakenExchangeAdapter$$EnhancerByCGLIB$$957dc64b$$FastClassByCGLIB$$8994032f.invoke(<generated>) [main/:?]
	at org.easymock.cglib.proxy.MethodProxy.invokeSuper(MethodProxy.java:228) [easymock-3.5.1.jar:3.5.1]
	at org.easymock.internal.ClassProxyFactory$MockMethodInterceptor.intercept(ClassProxyFactory.java:92) [easymock-3.5.1.jar:3.5.1]
	at com.gazbert.bxbot.exchanges.KrakenExchangeAdapter$$EnhancerByCGLIB$$957dc64b.cancelOrder(<generated>) [main/:?]
	at com.gazbert.bxbot.exchanges.TestKrakenExchangeAdapter.testCancelOrderHandlesUnexpectedException(TestKrakenExchangeAdapter.java:586) [test/:?]
	at sun.reflect.NativeMethodAccessorImpl.invoke0(Native Method) ~[?:1.8.0_144]
	at sun.reflect.NativeMethodAccessorImpl.invoke(NativeMethodAccessorImpl.java:62) ~[?:1.8.0_144]
	at sun.reflect.DelegatingMethodAccessorImpl.invoke(DelegatingMethodAccessorImpl.java:43) ~[?:1.8.0_144]
	at java.lang.reflect.Method.invoke(Method.java:498) ~[?:1.8.0_144]
	at org.junit.internal.runners.TestMethod.invoke(TestMethod.java:68) [junit-4.12.jar:4.12]
	at org.powermock.modules.junit4.internal.impl.PowerMockJUnit44RunnerDelegateImpl$PowerMockJUnit44MethodRunner.runTestMethod(PowerMockJUnit44RunnerDelegateImpl.java:326) [powermock-module-junit4-1.7.3.jar:1.7.3]
	at org.junit.internal.runners.MethodRoadie$2.run(MethodRoadie.java:89) [junit-4.12.jar:4.12]
	at org.junit.internal.runners.MethodRoadie.runBeforesThenTestThenAfters(MethodRoadie.java:97) [junit-4.12.jar:4.12]
	at org.powermock.modules.junit4.internal.impl.PowerMockJUnit44RunnerDelegateImpl$PowerMockJUnit44MethodRunner.executeTest(PowerMockJUnit44RunnerDelegateImpl.java:310) [powermock-module-junit4-1.7.3.jar:1.7.3]
	at org.powermock.modules.junit4.internal.impl.PowerMockJUnit47RunnerDelegateImpl$PowerMockJUnit47MethodRunner.executeTestInSuper(PowerMockJUnit47RunnerDelegateImpl.java:131) [powermock-module-junit4-1.7.3.jar:1.7.3]
	at org.powermock.modules.junit4.internal.impl.PowerMockJUnit47RunnerDelegateImpl$PowerMockJUnit47MethodRunner.access$100(PowerMockJUnit47RunnerDelegateImpl.java:59) [powermock-module-junit4-1.7.3.jar:1.7.3]
	at org.powermock.modules.junit4.internal.impl.PowerMockJUnit47RunnerDelegateImpl$PowerMockJUnit47MethodRunner$TestExecutorStatement.evaluate(PowerMockJUnit47RunnerDelegateImpl.java:147) [powermock-module-junit4-1.7.3.jar:1.7.3]
	at org.powermock.modules.junit4.internal.impl.PowerMockJUnit47RunnerDelegateImpl$PowerMockJUnit47MethodRunner.evaluateStatement(PowerMockJUnit47RunnerDelegateImpl.java:107) [powermock-module-junit4-1.7.3.jar:1.7.3]
	at org.powermock.modules.junit4.internal.impl.PowerMockJUnit47RunnerDelegateImpl$PowerMockJUnit47MethodRunner.executeTest(PowerMockJUnit47RunnerDelegateImpl.java:82) [powermock-module-junit4-1.7.3.jar:1.7.3]
	at org.powermock.modules.junit4.internal.impl.PowerMockJUnit44RunnerDelegateImpl$PowerMockJUnit44MethodRunner.runBeforesThenTestThenAfters(PowerMockJUnit44RunnerDelegateImpl.java:298) [powermock-module-junit4-1.7.3.jar:1.7.3]
	at org.junit.internal.runners.MethodRoadie.runTest(MethodRoadie.java:87) [junit-4.12.jar:4.12]
	at org.junit.internal.runners.MethodRoadie.run(MethodRoadie.java:50) [junit-4.12.jar:4.12]
	at org.powermock.modules.junit4.internal.impl.PowerMockJUnit44RunnerDelegateImpl.invokeTestMethod(PowerMockJUnit44RunnerDelegateImpl.java:218) [powermock-module-junit4-1.7.3.jar:1.7.3]
	at org.powermock.modules.junit4.internal.impl.PowerMockJUnit44RunnerDelegateImpl.runMethods(PowerMockJUnit44RunnerDelegateImpl.java:160) [powermock-module-junit4-1.7.3.jar:1.7.3]
	at org.powermock.modules.junit4.internal.impl.PowerMockJUnit44RunnerDelegateImpl$1.run(PowerMockJUnit44RunnerDelegateImpl.java:134) [powermock-module-junit4-1.7.3.jar:1.7.3]
	at org.junit.internal.runners.ClassRoadie.runUnprotected(ClassRoadie.java:34) [junit-4.12.jar:4.12]
	at org.junit.internal.runners.ClassRoadie.runProtected(ClassRoadie.java:44) [junit-4.12.jar:4.12]
	at org.powermock.modules.junit4.internal.impl.PowerMockJUnit44RunnerDelegateImpl.run(PowerMockJUnit44RunnerDelegateImpl.java:136) [powermock-module-junit4-1.7.3.jar:1.7.3]
	at org.powermock.modules.junit4.common.internal.impl.JUnit4TestSuiteChunkerImpl.run(JUnit4TestSuiteChunkerImpl.java:121) [powermock-module-junit4-common-1.7.3.jar:1.7.3]
	at org.powermock.modules.junit4.common.internal.impl.AbstractCommonPowerMockRunner.run(AbstractCommonPowerMockRunner.java:57) [powermock-module-junit4-common-1.7.3.jar:1.7.3]
	at org.powermock.modules.junit4.PowerMockRunner.run(PowerMockRunner.java:59) [powermock-module-junit4-1.7.3.jar:1.7.3]
	at org.gradle.api.internal.tasks.testing.junit.JUnitTestClassExecuter.runTestClass(JUnitTestClassExecuter.java:114) [gradle-testing-jvm-4.4.1.jar:4.4.1]
	at org.gradle.api.internal.tasks.testing.junit.JUnitTestClassExecuter.execute(JUnitTestClassExecuter.java:57) [gradle-testing-jvm-4.4.1.jar:4.4.1]
	at org.gradle.api.internal.tasks.testing.junit.JUnitTestClassProcessor.processTestClass(JUnitTestClassProcessor.java:66) [gradle-testing-jvm-4.4.1.jar:4.4.1]
	at org.gradle.api.internal.tasks.testing.SuiteTestClassProcessor.processTestClass(SuiteTestClassProcessor.java:51) [gradle-testing-base-4.4.1.jar:4.4.1]
	at sun.reflect.NativeMethodAccessorImpl.invoke0(Native Method) ~[?:1.8.0_144]
	at sun.reflect.NativeMethodAccessorImpl.invoke(NativeMethodAccessorImpl.java:62) ~[?:1.8.0_144]
	at sun.reflect.DelegatingMethodAccessorImpl.invoke(DelegatingMethodAccessorImpl.java:43) ~[?:1.8.0_144]
	at java.lang.reflect.Method.invoke(Method.java:498) ~[?:1.8.0_144]
	at org.gradle.internal.dispatch.ReflectionDispatch.dispatch(ReflectionDispatch.java:35) [gradle-messaging-4.4.1.jar:4.4.1]
	at org.gradle.internal.dispatch.ReflectionDispatch.dispatch(ReflectionDispatch.java:24) [gradle-messaging-4.4.1.jar:4.4.1]
	at org.gradle.internal.dispatch.ContextClassLoaderDispatch.dispatch(ContextClassLoaderDispatch.java:32) [gradle-messaging-4.4.1.jar:4.4.1]
	at org.gradle.internal.dispatch.ProxyDispatchAdapter$DispatchingInvocationHandler.invoke(ProxyDispatchAdapter.java:93) [gradle-messaging-4.4.1.jar:4.4.1]
	at com.sun.proxy.$Proxy1.processTestClass(Unknown Source) [?:?]
	at org.gradle.api.internal.tasks.testing.worker.TestWorker.processTestClass(TestWorker.java:108) [gradle-testing-base-4.4.1.jar:4.4.1]
	at sun.reflect.NativeMethodAccessorImpl.invoke0(Native Method) ~[?:1.8.0_144]
	at sun.reflect.NativeMethodAccessorImpl.invoke(NativeMethodAccessorImpl.java:62) ~[?:1.8.0_144]
	at sun.reflect.DelegatingMethodAccessorImpl.invoke(DelegatingMethodAccessorImpl.java:43) ~[?:1.8.0_144]
	at java.lang.reflect.Method.invoke(Method.java:498) ~[?:1.8.0_144]
	at org.gradle.internal.dispatch.ReflectionDispatch.dispatch(ReflectionDispatch.java:35) [gradle-messaging-4.4.1.jar:4.4.1]
	at org.gradle.internal.dispatch.ReflectionDispatch.dispatch(ReflectionDispatch.java:24) [gradle-messaging-4.4.1.jar:4.4.1]
	at org.gradle.internal.remote.internal.hub.MessageHubBackedObjectConnection$DispatchWrapper.dispatch(MessageHubBackedObjectConnection.java:146) [gradle-messaging-4.4.1.jar:4.4.1]
	at org.gradle.internal.remote.internal.hub.MessageHubBackedObjectConnection$DispatchWrapper.dispatch(MessageHubBackedObjectConnection.java:128) [gradle-messaging-4.4.1.jar:4.4.1]
	at org.gradle.internal.remote.internal.hub.MessageHub$Handler.run(MessageHub.java:404) [gradle-messaging-4.4.1.jar:4.4.1]
	at org.gradle.internal.concurrent.ExecutorPolicy$CatchAndRecordFailures.onExecute(ExecutorPolicy.java:63) [gradle-base-services-4.4.1.jar:4.4.1]
	at org.gradle.internal.concurrent.ManagedExecutorImpl$1.run(ManagedExecutorImpl.java:46) [gradle-base-services-4.4.1.jar:4.4.1]
	at java.util.concurrent.ThreadPoolExecutor.runWorker(ThreadPoolExecutor.java:1149) [?:1.8.0_144]
	at java.util.concurrent.ThreadPoolExecutor$Worker.run(ThreadPoolExecutor.java:624) [?:1.8.0_144]
	at org.gradle.internal.concurrent.ThreadFactoryImpl$ManagedThreadRunnable.run(ThreadFactoryImpl.java:55) [gradle-base-services-4.4.1.jar:4.4.1]
	at java.lang.Thread.run(Thread.java:748) [?:1.8.0_144]
19756 [Test worker] 2018-01-08 14:56:28,024 INFO  KrakenExchangeAdapter init() - About to initialise Kraken ExchangeConfig: EasyMock for interface com.gazbert.bxbot.exchange.api.ExchangeConfig
19756 [Test worker] 2018-01-08 14:56:28,024 INFO  AbstractExchangeAdapter setNetworkConfig() - connection-timeout: 30
19756 [Test worker] 2018-01-08 14:56:28,024 INFO  AbstractExchangeAdapter setNetworkConfig() - non-fatal-error-codes: [502, 503, 504]
19756 [Test worker] 2018-01-08 14:56:28,024 INFO  AbstractExchangeAdapter setNetworkConfig() - non-fatal-error-messages: [Connection refused, Connection reset, Remote host closed connection during handshake]
19757 [Test worker] 2018-01-08 14:56:28,025 INFO  AbstractExchangeAdapter getOptionalConfigItem() - buy-fee: 0.1
19757 [Test worker] 2018-01-08 14:56:28,025 INFO  KrakenExchangeAdapter setOptionalConfig() - Buy fee % in BigDecimal format: 0.00100000
19757 [Test worker] 2018-01-08 14:56:28,025 INFO  AbstractExchangeAdapter getOptionalConfigItem() - sell-fee: 0.2
19758 [Test worker] 2018-01-08 14:56:28,026 INFO  KrakenExchangeAdapter setOptionalConfig() - Sell fee % in BigDecimal format: 0.00200000
19758 [Test worker] 2018-01-08 14:56:28,026 INFO  AbstractExchangeAdapter getOptionalConfigItem() - keep-alive-during-maintenance: false
19758 [Test worker] 2018-01-08 14:56:28,026 INFO  KrakenExchangeAdapter setOptionalConfig() - Keep Alive During Maintenance: false
19758 [Test worker] 2018-01-08 14:56:28,026 ERROR KrakenExchangeAdapter getTicker() - Unexpected error has occurred in Kraken Exchange Adapter. 
java.lang.IllegalArgumentException: Resistance is futile.
	at org.easymock.internal.MockInvocationHandler.invoke(MockInvocationHandler.java:46) ~[easymock-3.5.1.jar:3.5.1]
	at org.powermock.api.easymock.internal.invocationcontrol.EasyMockMethodInvocationControl.invoke(EasyMockMethodInvocationControl.java:90) ~[powermock-api-easymock-1.7.3.jar:1.7.3]
	at org.powermock.core.MockGateway.doMethodCall(MockGateway.java:182) ~[powermock-core-1.7.3.jar:1.7.3]
	at org.powermock.core.MockGateway.doMethodCall(MockGateway.java:164) ~[powermock-core-1.7.3.jar:1.7.3]
	at org.powermock.core.MockGateway.methodCall(MockGateway.java:134) ~[powermock-core-1.7.3.jar:1.7.3]
	at com.gazbert.bxbot.exchanges.KrakenExchangeAdapter.sendPublicRequestToExchange(KrakenExchangeAdapter.java) ~[main/:?]
	at com.gazbert.bxbot.exchanges.KrakenExchangeAdapter.getTicker(KrakenExchangeAdapter.java:747) [main/:?]
	at com.gazbert.bxbot.exchanges.KrakenExchangeAdapter$$EnhancerByCGLIB$$957dc64b.CGLIB$getTicker$2(<generated>) [main/:?]
	at com.gazbert.bxbot.exchanges.KrakenExchangeAdapter$$EnhancerByCGLIB$$957dc64b$$FastClassByCGLIB$$8994032f.invoke(<generated>) [main/:?]
	at org.easymock.cglib.proxy.MethodProxy.invokeSuper(MethodProxy.java:228) [easymock-3.5.1.jar:3.5.1]
	at org.easymock.internal.ClassProxyFactory$MockMethodInterceptor.intercept(ClassProxyFactory.java:92) [easymock-3.5.1.jar:3.5.1]
	at com.gazbert.bxbot.exchanges.KrakenExchangeAdapter$$EnhancerByCGLIB$$957dc64b.getTicker(<generated>) [main/:?]
	at com.gazbert.bxbot.exchanges.TestKrakenExchangeAdapter.testGettingTickerHandlesUnexpectedException(TestKrakenExchangeAdapter.java:865) [test/:?]
	at sun.reflect.NativeMethodAccessorImpl.invoke0(Native Method) ~[?:1.8.0_144]
	at sun.reflect.NativeMethodAccessorImpl.invoke(NativeMethodAccessorImpl.java:62) ~[?:1.8.0_144]
	at sun.reflect.DelegatingMethodAccessorImpl.invoke(DelegatingMethodAccessorImpl.java:43) ~[?:1.8.0_144]
	at java.lang.reflect.Method.invoke(Method.java:498) ~[?:1.8.0_144]
	at org.junit.internal.runners.TestMethod.invoke(TestMethod.java:68) [junit-4.12.jar:4.12]
	at org.powermock.modules.junit4.internal.impl.PowerMockJUnit44RunnerDelegateImpl$PowerMockJUnit44MethodRunner.runTestMethod(PowerMockJUnit44RunnerDelegateImpl.java:326) [powermock-module-junit4-1.7.3.jar:1.7.3]
	at org.junit.internal.runners.MethodRoadie$2.run(MethodRoadie.java:89) [junit-4.12.jar:4.12]
	at org.junit.internal.runners.MethodRoadie.runBeforesThenTestThenAfters(MethodRoadie.java:97) [junit-4.12.jar:4.12]
	at org.powermock.modules.junit4.internal.impl.PowerMockJUnit44RunnerDelegateImpl$PowerMockJUnit44MethodRunner.executeTest(PowerMockJUnit44RunnerDelegateImpl.java:310) [powermock-module-junit4-1.7.3.jar:1.7.3]
	at org.powermock.modules.junit4.internal.impl.PowerMockJUnit47RunnerDelegateImpl$PowerMockJUnit47MethodRunner.executeTestInSuper(PowerMockJUnit47RunnerDelegateImpl.java:131) [powermock-module-junit4-1.7.3.jar:1.7.3]
	at org.powermock.modules.junit4.internal.impl.PowerMockJUnit47RunnerDelegateImpl$PowerMockJUnit47MethodRunner.access$100(PowerMockJUnit47RunnerDelegateImpl.java:59) [powermock-module-junit4-1.7.3.jar:1.7.3]
	at org.powermock.modules.junit4.internal.impl.PowerMockJUnit47RunnerDelegateImpl$PowerMockJUnit47MethodRunner$TestExecutorStatement.evaluate(PowerMockJUnit47RunnerDelegateImpl.java:147) [powermock-module-junit4-1.7.3.jar:1.7.3]
	at org.powermock.modules.junit4.internal.impl.PowerMockJUnit47RunnerDelegateImpl$PowerMockJUnit47MethodRunner.evaluateStatement(PowerMockJUnit47RunnerDelegateImpl.java:107) [powermock-module-junit4-1.7.3.jar:1.7.3]
	at org.powermock.modules.junit4.internal.impl.PowerMockJUnit47RunnerDelegateImpl$PowerMockJUnit47MethodRunner.executeTest(PowerMockJUnit47RunnerDelegateImpl.java:82) [powermock-module-junit4-1.7.3.jar:1.7.3]
	at org.powermock.modules.junit4.internal.impl.PowerMockJUnit44RunnerDelegateImpl$PowerMockJUnit44MethodRunner.runBeforesThenTestThenAfters(PowerMockJUnit44RunnerDelegateImpl.java:298) [powermock-module-junit4-1.7.3.jar:1.7.3]
	at org.junit.internal.runners.MethodRoadie.runTest(MethodRoadie.java:87) [junit-4.12.jar:4.12]
	at org.junit.internal.runners.MethodRoadie.run(MethodRoadie.java:50) [junit-4.12.jar:4.12]
	at org.powermock.modules.junit4.internal.impl.PowerMockJUnit44RunnerDelegateImpl.invokeTestMethod(PowerMockJUnit44RunnerDelegateImpl.java:218) [powermock-module-junit4-1.7.3.jar:1.7.3]
	at org.powermock.modules.junit4.internal.impl.PowerMockJUnit44RunnerDelegateImpl.runMethods(PowerMockJUnit44RunnerDelegateImpl.java:160) [powermock-module-junit4-1.7.3.jar:1.7.3]
	at org.powermock.modules.junit4.internal.impl.PowerMockJUnit44RunnerDelegateImpl$1.run(PowerMockJUnit44RunnerDelegateImpl.java:134) [powermock-module-junit4-1.7.3.jar:1.7.3]
	at org.junit.internal.runners.ClassRoadie.runUnprotected(ClassRoadie.java:34) [junit-4.12.jar:4.12]
	at org.junit.internal.runners.ClassRoadie.runProtected(ClassRoadie.java:44) [junit-4.12.jar:4.12]
	at org.powermock.modules.junit4.internal.impl.PowerMockJUnit44RunnerDelegateImpl.run(PowerMockJUnit44RunnerDelegateImpl.java:136) [powermock-module-junit4-1.7.3.jar:1.7.3]
	at org.powermock.modules.junit4.common.internal.impl.JUnit4TestSuiteChunkerImpl.run(JUnit4TestSuiteChunkerImpl.java:121) [powermock-module-junit4-common-1.7.3.jar:1.7.3]
[...]
	at org.powermock.modules.junit4.internal.impl.PowerMockJUnit44RunnerDelegateImpl.runMethods(PowerMockJUnit44RunnerDelegateImpl.java:160) [powermock-module-junit4-1.7.3.jar:1.7.3]
	at org.powermock.modules.junit4.internal.impl.PowerMockJUnit44RunnerDelegateImpl$1.run(PowerMockJUnit44RunnerDelegateImpl.java:134) [powermock-module-junit4-1.7.3.jar:1.7.3]
	at org.junit.internal.runners.ClassRoadie.runUnprotected(ClassRoadie.java:34) [junit-4.12.jar:4.12]
	at org.junit.internal.runners.ClassRoadie.runProtected(ClassRoadie.java:44) [junit-4.12.jar:4.12]
	at org.powermock.modules.junit4.internal.impl.PowerMockJUnit44RunnerDelegateImpl.run(PowerMockJUnit44RunnerDelegateImpl.java:136) [powermock-module-junit4-1.7.3.jar:1.7.3]
	at org.powermock.modules.junit4.common.internal.impl.JUnit4TestSuiteChunkerImpl.run(JUnit4TestSuiteChunkerImpl.java:121) [powermock-module-junit4-common-1.7.3.jar:1.7.3]
	at org.powermock.modules.junit4.common.internal.impl.AbstractCommonPowerMockRunner.run(AbstractCommonPowerMockRunner.java:57) [powermock-module-junit4-common-1.7.3.jar:1.7.3]
	at org.powermock.modules.junit4.PowerMockRunner.run(PowerMockRunner.java:59) [powermock-module-junit4-1.7.3.jar:1.7.3]
	at org.gradle.api.internal.tasks.testing.junit.JUnitTestClassExecuter.runTestClass(JUnitTestClassExecuter.java:114) [gradle-testing-jvm-4.4.1.jar:4.4.1]
	at org.gradle.api.internal.tasks.testing.junit.JUnitTestClassExecuter.execute(JUnitTestClassExecuter.java:57) [gradle-testing-jvm-4.4.1.jar:4.4.1]
	at org.gradle.api.internal.tasks.testing.junit.JUnitTestClassProcessor.processTestClass(JUnitTestClassProcessor.java:66) [gradle-testing-jvm-4.4.1.jar:4.4.1]
	at org.gradle.api.internal.tasks.testing.SuiteTestClassProcessor.processTestClass(SuiteTestClassProcessor.java:51) [gradle-testing-base-4.4.1.jar:4.4.1]
	at sun.reflect.NativeMethodAccessorImpl.invoke0(Native Method) ~[?:1.8.0_144]
	at sun.reflect.NativeMethodAccessorImpl.invoke(NativeMethodAccessorImpl.java:62) ~[?:1.8.0_144]
	at sun.reflect.DelegatingMethodAccessorImpl.invoke(DelegatingMethodAccessorImpl.java:43) ~[?:1.8.0_144]
	at java.lang.reflect.Method.invoke(Method.java:498) ~[?:1.8.0_144]
	at org.gradle.internal.dispatch.ReflectionDispatch.dispatch(ReflectionDispatch.java:35) [gradle-messaging-4.4.1.jar:4.4.1]
	at org.gradle.internal.dispatch.ReflectionDispatch.dispatch(ReflectionDispatch.java:24) [gradle-messaging-4.4.1.jar:4.4.1]
	at org.gradle.internal.dispatch.ContextClassLoaderDispatch.dispatch(ContextClassLoaderDispatch.java:32) [gradle-messaging-4.4.1.jar:4.4.1]
	at org.gradle.internal.dispatch.ProxyDispatchAdapter$DispatchingInvocationHandler.invoke(ProxyDispatchAdapter.java:93) [gradle-messaging-4.4.1.jar:4.4.1]
	at com.sun.proxy.$Proxy1.processTestClass(Unknown Source) [?:?]
	at org.gradle.api.internal.tasks.testing.worker.TestWorker.processTestClass(TestWorker.java:108) [gradle-testing-base-4.4.1.jar:4.4.1]
	at sun.reflect.NativeMethodAccessorImpl.invoke0(Native Method) ~[?:1.8.0_144]
	at sun.reflect.NativeMethodAccessorImpl.invoke(NativeMethodAccessorImpl.java:62) ~[?:1.8.0_144]
	at sun.reflect.DelegatingMethodAccessorImpl.invoke(DelegatingMethodAccessorImpl.java:43) ~[?:1.8.0_144]
	at java.lang.reflect.Method.invoke(Method.java:498) ~[?:1.8.0_144]
	at org.gradle.internal.dispatch.ReflectionDispatch.dispatch(ReflectionDispatch.java:35) [gradle-messaging-4.4.1.jar:4.4.1]
	at org.gradle.internal.dispatch.ReflectionDispatch.dispatch(ReflectionDispatch.java:24) [gradle-messaging-4.4.1.jar:4.4.1]
	at org.gradle.internal.remote.internal.hub.MessageHubBackedObjectConnection$DispatchWrapper.dispatch(MessageHubBackedObjectConnection.java:146) [gradle-messaging-4.4.1.jar:4.4.1]
	at org.gradle.internal.remote.internal.hub.MessageHubBackedObjectConnection$DispatchWrapper.dispatch(MessageHubBackedObjectConnection.java:128) [gradle-messaging-4.4.1.jar:4.4.1]
	at org.gradle.internal.remote.internal.hub.MessageHub$Handler.run(MessageHub.java:404) [gradle-messaging-4.4.1.jar:4.4.1]
	at org.gradle.internal.concurrent.ExecutorPolicy$CatchAndRecordFailures.onExecute(ExecutorPolicy.java:63) [gradle-base-services-4.4.1.jar:4.4.1]
	at org.gradle.internal.concurrent.ManagedExecutorImpl$1.run(ManagedExecutorImpl.java:46) [gradle-base-services-4.4.1.jar:4.4.1]
	at java.util.concurrent.ThreadPoolExecutor.runWorker(ThreadPoolExecutor.java:1149) [?:1.8.0_144]
	at java.util.concurrent.ThreadPoolExecutor$Worker.run(ThreadPoolExecutor.java:624) [?:1.8.0_144]
	at org.gradle.internal.concurrent.ThreadFactoryImpl$ManagedThreadRunnable.run(ThreadFactoryImpl.java:55) [gradle-base-services-4.4.1.jar:4.4.1]
	at java.lang.Thread.run(Thread.java:748) [?:1.8.0_144]
19964 [Test worker] 2018-01-08 14:56:28,232 INFO  KrakenExchangeAdapter init() - About to initialise Kraken ExchangeConfig: EasyMock for interface com.gazbert.bxbot.exchange.api.ExchangeConfig
19966 [Test worker] 2018-01-08 14:56:28,234 INFO  AbstractExchangeAdapter setNetworkConfig() - connection-timeout: 30
19966 [Test worker] 2018-01-08 14:56:28,234 INFO  AbstractExchangeAdapter setNetworkConfig() - non-fatal-error-codes: [502, 503, 504]
19966 [Test worker] 2018-01-08 14:56:28,234 INFO  AbstractExchangeAdapter setNetworkConfig() - non-fatal-error-messages: [Connection refused, Connection reset, Remote host closed connection during handshake]
19966 [Test worker] 2018-01-08 14:56:28,234 INFO  AbstractExchangeAdapter getOptionalConfigItem() - buy-fee: 0.1
19966 [Test worker] 2018-01-08 14:56:28,234 INFO  KrakenExchangeAdapter setOptionalConfig() - Buy fee % in BigDecimal format: 0.00100000
19966 [Test worker] 2018-01-08 14:56:28,234 INFO  AbstractExchangeAdapter getOptionalConfigItem() - sell-fee: 0.2
19967 [Test worker] 2018-01-08 14:56:28,235 INFO  KrakenExchangeAdapter setOptionalConfig() - Sell fee % in BigDecimal format: 0.00200000
19967 [Test worker] 2018-01-08 14:56:28,235 INFO  AbstractExchangeAdapter getOptionalConfigItem() - keep-alive-during-maintenance: false
19967 [Test worker] 2018-01-08 14:56:28,235 INFO  KrakenExchangeAdapter setOptionalConfig() - Keep Alive During Maintenance: false
19968 [Test worker] 2018-01-08 14:56:28,236 DEBUG KrakenExchangeAdapter getMarketOrders() - Market Orders response: ExchangeHttpResponse{statusCode=200, reasonPhrase=OK, payload={
  "error": [
    "An error has occurred!"
  ],
  "result": {}
}
}
19969 [Test worker] 2018-01-08 14:56:28,237 ERROR KrakenExchangeAdapter getMarketOrders() - Failed to get Market Order Book from exchange. Details: ExchangeHttpResponse{statusCode=200, reasonPhrase=OK, payload={
  "error": [
    "An error has occurred!"
  ],
  "result": {}
}
}
19971 [Test worker] 2018-01-08 14:56:28,239 INFO  KrakenExchangeAdapter init() - About to initialise Kraken ExchangeConfig: EasyMock for interface com.gazbert.bxbot.exchange.api.ExchangeConfig
19971 [Test worker] 2018-01-08 14:56:28,239 INFO  AbstractExchangeAdapter setNetworkConfig() - connection-timeout: 30
19972 [Test worker] 2018-01-08 14:56:28,240 INFO  AbstractExchangeAdapter setNetworkConfig() - non-fatal-error-codes: [502, 503, 504]
19972 [Test worker] 2018-01-08 14:56:28,240 INFO  AbstractExchangeAdapter setNetworkConfig() - non-fatal-error-messages: [Connection refused, Connection reset, Remote host closed connection during handshake]
19972 [Test worker] 2018-01-08 14:56:28,240 INFO  AbstractExchangeAdapter getOptionalConfigItem() - buy-fee: 0.1
19973 [Test worker] 2018-01-08 14:56:28,241 INFO  KrakenExchangeAdapter setOptionalConfig() - Buy fee % in BigDecimal format: 0.00100000
19974 [Test worker] 2018-01-08 14:56:28,242 INFO  AbstractExchangeAdapter getOptionalConfigItem() - sell-fee: 0.2
19974 [Test worker] 2018-01-08 14:56:28,242 INFO  KrakenExchangeAdapter setOptionalConfig() - Sell fee % in BigDecimal format: 0.00200000
19974 [Test worker] 2018-01-08 14:56:28,242 INFO  AbstractExchangeAdapter getOptionalConfigItem() - keep-alive-during-maintenance: false
19974 [Test worker] 2018-01-08 14:56:28,242 INFO  KrakenExchangeAdapter setOptionalConfig() - Keep Alive During Maintenance: false
19975 [Test worker] 2018-01-08 14:56:28,243 DEBUG KrakenExchangeAdapter getLatestMarketPrice() - Latest Market Price response: ExchangeHttpResponse{statusCode=200, reasonPhrase=OK, payload={
  "error": [
    "An error has occurred - muh :-/"
  ],
  "result": {}
}
}
19977 [Test worker] 2018-01-08 14:56:28,245 ERROR KrakenExchangeAdapter getLatestMarketPrice() - Unexpected error has occurred in Kraken Exchange Adapter. 
java.util.NoSuchElementException: null
	at com.google.gson.internal.LinkedTreeMap$LinkedTreeMapIterator.nextNode(LinkedTreeMap.java:541) ~[gson-2.8.2.jar:?]
	at com.google.gson.internal.LinkedTreeMap$EntrySet$1.next(LinkedTreeMap.java:568) ~[gson-2.8.2.jar:?]
	at com.google.gson.internal.LinkedTreeMap$EntrySet$1.next(LinkedTreeMap.java:566) ~[gson-2.8.2.jar:?]
	at com.gazbert.bxbot.exchanges.KrakenExchangeAdapter$KrakenTickerResultDeserializer.deserialize(KrakenExchangeAdapter.java:1030) ~[main/:?]
	at com.gazbert.bxbot.exchanges.KrakenExchangeAdapter$KrakenTickerResultDeserializer.deserialize(KrakenExchangeAdapter.java:1019) ~[main/:?]
	at com.google.gson.internal.bind.TreeTypeAdapter.read(TreeTypeAdapter.java:69) ~[gson-2.8.2.jar:?]
	at com.google.gson.internal.bind.ReflectiveTypeAdapterFactory$1.read(ReflectiveTypeAdapterFactory.java:129) ~[gson-2.8.2.jar:?]
	at com.google.gson.internal.bind.ReflectiveTypeAdapterFactory$Adapter.read(ReflectiveTypeAdapterFactory.java:220) ~[gson-2.8.2.jar:?]
	at com.google.gson.Gson.fromJson(Gson.java:888) ~[gson-2.8.2.jar:?]
	at com.google.gson.Gson.fromJson(Gson.java:853) ~[gson-2.8.2.jar:?]
	at com.google.gson.Gson.fromJson(Gson.java:802) ~[gson-2.8.2.jar:?]
	at com.gazbert.bxbot.exchanges.KrakenExchangeAdapter.getLatestMarketPrice(KrakenExchangeAdapter.java:613) [main/:?]
	at com.gazbert.bxbot.exchanges.KrakenExchangeAdapter$$EnhancerByCGLIB$$957dc64b.CGLIB$getLatestMarketPrice$9(<generated>) [main/:?]
	at com.gazbert.bxbot.exchanges.KrakenExchangeAdapter$$EnhancerByCGLIB$$957dc64b$$FastClassByCGLIB$$8994032f.invoke(<generated>) [main/:?]
	at org.easymock.cglib.proxy.MethodProxy.invokeSuper(MethodProxy.java:228) [easymock-3.5.1.jar:3.5.1]
	at org.easymock.internal.ClassProxyFactory$MockMethodInterceptor.intercept(ClassProxyFactory.java:92) [easymock-3.5.1.jar:3.5.1]
	at com.gazbert.bxbot.exchanges.KrakenExchangeAdapter$$EnhancerByCGLIB$$957dc64b.getLatestMarketPrice(<generated>) [main/:?]
	at com.gazbert.bxbot.exchanges.TestKrakenExchangeAdapter.testGettingLatestMarketPriceHandlesExchangeErrorResponse(TestKrakenExchangeAdapter.java:729) [test/:?]
	at sun.reflect.NativeMethodAccessorImpl.invoke0(Native Method) ~[?:1.8.0_144]
	at sun.reflect.NativeMethodAccessorImpl.invoke(NativeMethodAccessorImpl.java:62) ~[?:1.8.0_144]
	at sun.reflect.DelegatingMethodAccessorImpl.invoke(DelegatingMethodAccessorImpl.java:43) ~[?:1.8.0_144]
	at java.lang.reflect.Method.invoke(Method.java:498) ~[?:1.8.0_144]
	at org.junit.internal.runners.TestMethod.invoke(TestMethod.java:68) [junit-4.12.jar:4.12]
	at org.powermock.modules.junit4.internal.impl.PowerMockJUnit44RunnerDelegateImpl$PowerMockJUnit44MethodRunner.runTestMethod(PowerMockJUnit44RunnerDelegateImpl.java:326) [powermock-module-junit4-1.7.3.jar:1.7.3]
	at org.junit.internal.runners.MethodRoadie$2.run(MethodRoadie.java:89) [junit-4.12.jar:4.12]
	at org.junit.internal.runners.MethodRoadie.runBeforesThenTestThenAfters(MethodRoadie.java:97) [junit-4.12.jar:4.12]
	at org.powermock.modules.junit4.internal.impl.PowerMockJUnit44RunnerDelegateImpl$PowerMockJUnit44MethodRunner.executeTest(PowerMockJUnit44RunnerDelegateImpl.java:310) [powermock-module-junit4-1.7.3.jar:1.7.3]
	at org.powermock.modules.junit4.internal.impl.PowerMockJUnit47RunnerDelegateImpl$PowerMockJUnit47MethodRunner.executeTestInSuper(PowerMockJUnit47RunnerDelegateImpl.java:131) [powermock-module-junit4-1.7.3.jar:1.7.3]
	at org.powermock.modules.junit4.internal.impl.PowerMockJUnit47RunnerDelegateImpl$PowerMockJUnit47MethodRunner.access$100(PowerMockJUnit47RunnerDelegateImpl.java:59) [powermock-module-junit4-1.7.3.jar:1.7.3]
	at org.powermock.modules.junit4.internal.impl.PowerMockJUnit47RunnerDelegateImpl$PowerMockJUnit47MethodRunner$TestExecutorStatement.evaluate(PowerMockJUnit47RunnerDelegateImpl.java:147) [powermock-module-junit4-1.7.3.jar:1.7.3]
	at org.powermock.modules.junit4.internal.impl.PowerMockJUnit47RunnerDelegateImpl$PowerMockJUnit47MethodRunner.evaluateStatement(PowerMockJUnit47RunnerDelegateImpl.java:107) [powermock-module-junit4-1.7.3.jar:1.7.3]
	at org.powermock.modules.junit4.internal.impl.PowerMockJUnit47RunnerDelegateImpl$PowerMockJUnit47MethodRunner.executeTest(PowerMockJUnit47RunnerDelegateImpl.java:82) [powermock-module-junit4-1.7.3.jar:1.7.3]
	at org.powermock.modules.junit4.internal.impl.PowerMockJUnit44RunnerDelegateImpl$PowerMockJUnit44MethodRunner.runBeforesThenTestThenAfters(PowerMockJUnit44RunnerDelegateImpl.java:298) [powermock-module-junit4-1.7.3.jar:1.7.3]
	at org.junit.internal.runners.MethodRoadie.runTest(MethodRoadie.java:87) [junit-4.12.jar:4.12]
	at org.junit.internal.runners.MethodRoadie.run(MethodRoadie.java:50) [junit-4.12.jar:4.12]
	at org.powermock.modules.junit4.internal.impl.PowerMockJUnit44RunnerDelegateImpl.invokeTestMethod(PowerMockJUnit44RunnerDelegateImpl.java:218) [powermock-module-junit4-1.7.3.jar:1.7.3]
	at org.powermock.modules.junit4.internal.impl.PowerMockJUnit44RunnerDelegateImpl.runMethods(PowerMockJUnit44RunnerDelegateImpl.java:160) [powermock-module-junit4-1.7.3.jar:1.7.3]
	at org.powermock.modules.junit4.internal.impl.PowerMockJUnit44RunnerDelegateImpl$1.run(PowerMockJUnit44RunnerDelegateImpl.java:134) [powermock-module-junit4-1.7.3.jar:1.7.3]
	at org.junit.internal.runners.ClassRoadie.runUnprotected(ClassRoadie.java:34) [junit-4.12.jar:4.12]
	at org.junit.internal.runners.ClassRoadie.runProtected(ClassRoadie.java:44) [junit-4.12.jar:4.12]
	at org.powermock.modules.junit4.internal.impl.PowerMockJUnit44RunnerDelegateImpl.run(PowerMockJUnit44RunnerDelegateImpl.java:136) [powermock-module-junit4-1.7.3.jar:1.7.3]
	at org.powermock.modules.junit4.common.internal.impl.JUnit4TestSuiteChunkerImpl.run(JUnit4TestSuiteChunkerImpl.java:121) [powermock-module-junit4-common-1.7.3.jar:1.7.3]
	at org.powermock.modules.junit4.common.internal.impl.AbstractCommonPowerMockRunner.run(AbstractCommonPowerMockRunner.java:57) [powermock-module-junit4-common-1.7.3.jar:1.7.3]
	at org.powermock.modules.junit4.PowerMockRunner.run(PowerMockRunner.java:59) [powermock-module-junit4-1.7.3.jar:1.7.3]
	at org.gradle.api.internal.tasks.testing.junit.JUnitTestClassExecuter.runTestClass(JUnitTestClassExecuter.java:114) [gradle-testing-jvm-4.4.1.jar:4.4.1]
	at org.gradle.api.internal.tasks.testing.junit.JUnitTestClassExecuter.execute(JUnitTestClassExecuter.java:57) [gradle-testing-jvm-4.4.1.jar:4.4.1]
	at org.gradle.api.internal.tasks.testing.junit.JUnitTestClassProcessor.processTestClass(JUnitTestClassProcessor.java:66) [gradle-testing-jvm-4.4.1.jar:4.4.1]
	at org.gradle.api.internal.tasks.testing.SuiteTestClassProcessor.processTestClass(SuiteTestClassProcessor.java:51) [gradle-testing-base-4.4.1.jar:4.4.1]
	at sun.reflect.NativeMethodAccessorImpl.invoke0(Native Method) ~[?:1.8.0_144]
	at sun.reflect.NativeMethodAccessorImpl.invoke(NativeMethodAccessorImpl.java:62) ~[?:1.8.0_144]
	at sun.reflect.DelegatingMethodAccessorImpl.invoke(DelegatingMethodAccessorImpl.java:43) ~[?:1.8.0_144]
	at java.lang.reflect.Method.invoke(Method.java:498) ~[?:1.8.0_144]
	at org.gradle.internal.dispatch.ReflectionDispatch.dispatch(ReflectionDispatch.java:35) [gradle-messaging-4.4.1.jar:4.4.1]
	at org.gradle.internal.dispatch.ReflectionDispatch.dispatch(ReflectionDispatch.java:24) [gradle-messaging-4.4.1.jar:4.4.1]
	at org.gradle.internal.dispatch.ContextClassLoaderDispatch.dispatch(ContextClassLoaderDispatch.java:32) [gradle-messaging-4.4.1.jar:4.4.1]
	at org.gradle.internal.dispatch.ProxyDispatchAdapter$DispatchingInvocationHandler.invoke(ProxyDispatchAdapter.java:93) [gradle-messaging-4.4.1.jar:4.4.1]
	at com.sun.proxy.$Proxy1.processTestClass(Unknown Source) [?:?]
	at org.gradle.api.internal.tasks.testing.worker.TestWorker.processTestClass(TestWorker.java:108) [gradle-testing-base-4.4.1.jar:4.4.1]
	at sun.reflect.NativeMethodAccessorImpl.invoke0(Native Method) ~[?:1.8.0_144]
	at sun.reflect.NativeMethodAccessorImpl.invoke(NativeMethodAccessorImpl.java:62) ~[?:1.8.0_144]
	at sun.reflect.DelegatingMethodAccessorImpl.invoke(DelegatingMethodAccessorImpl.java:43) ~[?:1.8.0_144]
	at java.lang.reflect.Method.invoke(Method.java:498) ~[?:1.8.0_144]
	at org.gradle.internal.dispatch.ReflectionDispatch.dispatch(ReflectionDispatch.java:35) [gradle-messaging-4.4.1.jar:4.4.1]
	at org.gradle.internal.dispatch.ReflectionDispatch.dispatch(ReflectionDispatch.java:24) [gradle-messaging-4.4.1.jar:4.4.1]
	at org.gradle.internal.remote.internal.hub.MessageHubBackedObjectConnection$DispatchWrapper.dispatch(MessageHubBackedObjectConnection.java:146) [gradle-messaging-4.4.1.jar:4.4.1]
	at org.gradle.internal.remote.internal.hub.MessageHubBackedObjectConnection$DispatchWrapper.dispatch(MessageHubBackedObjectConnection.java:128) [gradle-messaging-4.4.1.jar:4.4.1]
	at org.gradle.internal.remote.internal.hub.MessageHub$Handler.run(MessageHub.java:404) [gradle-messaging-4.4.1.jar:4.4.1]
	at org.gradle.internal.concurrent.ExecutorPolicy$CatchAndRecordFailures.onExecute(ExecutorPolicy.java:63) [gradle-base-services-4.4.1.jar:4.4.1]
	at org.gradle.internal.concurrent.ManagedExecutorImpl$1.run(ManagedExecutorImpl.java:46) [gradle-base-services-4.4.1.jar:4.4.1]
	at java.util.concurrent.ThreadPoolExecutor.runWorker(ThreadPoolExecutor.java:1149) [?:1.8.0_144]
	at java.util.concurrent.ThreadPoolExecutor$Worker.run(ThreadPoolExecutor.java:624) [?:1.8.0_144]
	at org.gradle.internal.concurrent.ThreadFactoryImpl$ManagedThreadRunnable.run(ThreadFactoryImpl.java:55) [gradle-base-services-4.4.1.jar:4.4.1]
	at java.lang.Thread.run(Thread.java:748) [?:1.8.0_144]
19979 [Test worker] 2018-01-08 14:56:28,247 INFO  KrakenExchangeAdapter init() - About to initialise Kraken ExchangeConfig: EasyMock for interface com.gazbert.bxbot.exchange.api.ExchangeConfig
19980 [Test worker] 2018-01-08 14:56:28,248 INFO  AbstractExchangeAdapter setNetworkConfig() - connection-timeout: 30
19980 [Test worker] 2018-01-08 14:56:28,248 INFO  AbstractExchangeAdapter setNetworkConfig() - non-fatal-error-codes: [502, 503, 504]
19980 [Test worker] 2018-01-08 14:56:28,248 INFO  AbstractExchangeAdapter setNetworkConfig() - non-fatal-error-messages: [Connection refused, Connection reset, Remote host closed connection during handshake]
19981 [Test worker] 2018-01-08 14:56:28,249 INFO  AbstractExchangeAdapter getOptionalConfigItem() - buy-fee: 0.1
19982 [Test worker] 2018-01-08 14:56:28,250 INFO  KrakenExchangeAdapter setOptionalConfig() - Buy fee % in BigDecimal format: 0.00100000
19982 [Test worker] 2018-01-08 14:56:28,250 INFO  AbstractExchangeAdapter getOptionalConfigItem() - sell-fee: 0.2
19982 [Test worker] 2018-01-08 14:56:28,250 INFO  KrakenExchangeAdapter setOptionalConfig() - Sell fee % in BigDecimal format: 0.00200000
19984 [Test worker] 2018-01-08 14:56:28,252 INFO  AbstractExchangeAdapter getOptionalConfigItem() - keep-alive-during-maintenance: false
19984 [Test worker] 2018-01-08 14:56:28,252 INFO  KrakenExchangeAdapter setOptionalConfig() - Keep Alive During Maintenance: false
19985 [Test worker] 2018-01-08 14:56:28,253 DEBUG KrakenExchangeAdapter getBalanceInfo() - Balance Info response: ExchangeHttpResponse{statusCode=200, reasonPhrase=OK, payload={
  "error": [
    "An error has occurred!"
  ],
  "result": {}
}}
19986 [Test worker] 2018-01-08 14:56:28,254 ERROR KrakenExchangeAdapter getBalanceInfo() - Failed to get Balance from exchange. Details: ExchangeHttpResponse{statusCode=200, reasonPhrase=OK, payload={
  "error": [
    "An error has occurred!"
  ],
  "result": {}
}}
]]></system-out>
  <system-err><![CDATA[]]></system-err>
</testsuite>
